<?xml version="1.0" encoding="UTF-8"?>
<coverage generated="1624692829259" clover="3.2.0">
  <project timestamp="1624692829259" name="All files">
    <metrics statements="207" coveredstatements="119" conditionals="112" coveredconditionals="40" methods="41" coveredmethods="20" elements="360" coveredelements="179" complexity="0" loc="207" ncloc="207" packages="4" files="9" classes="9"/>
    <package name="enums">
      <metrics statements="5" coveredstatements="5" conditionals="2" coveredconditionals="2" methods="1" coveredmethods="1"/>
      <file name="index.ts" path="E:\programming\evoluation_ts_bootcamp\homeworks\evo-ts-bootcamp\homeworks\03-data-structure\enums\index.ts">
        <metrics statements="5" coveredstatements="5" conditionals="2" coveredconditionals="2" methods="1" coveredmethods="1"/>
        <line num="1" count="2" type="cond" truecount="2" falsecount="0"/>
        <line num="2" count="2" type="stmt"/>
        <line num="3" count="2" type="stmt"/>
        <line num="4" count="2" type="stmt"/>
        <line num="5" count="2" type="stmt"/>
      </file>
    </package>
    <package name="helpers">
      <metrics statements="3" coveredstatements="2" conditionals="0" coveredconditionals="0" methods="1" coveredmethods="0"/>
      <file name="assert.ts" path="E:\programming\evoluation_ts_bootcamp\homeworks\evo-ts-bootcamp\homeworks\03-data-structure\helpers\assert.ts">
        <metrics statements="2" coveredstatements="1" conditionals="0" coveredconditionals="0" methods="1" coveredmethods="0"/>
        <line num="1" count="2" type="stmt"/>
        <line num="2" count="0" type="stmt"/>
      </file>
      <file name="index.ts" path="E:\programming\evoluation_ts_bootcamp\homeworks\evo-ts-bootcamp\homeworks\03-data-structure\helpers\index.ts">
        <metrics statements="1" coveredstatements="1" conditionals="0" coveredconditionals="0" methods="0" coveredmethods="0"/>
        <line num="1" count="2" type="stmt"/>
      </file>
    </package>
    <package name="models">
      <metrics statements="150" coveredstatements="75" conditionals="96" coveredconditionals="32" methods="34" coveredmethods="16"/>
      <file name="Queue.ts" path="E:\programming\evoluation_ts_bootcamp\homeworks\evo-ts-bootcamp\homeworks\03-data-structure\models\Queue.ts">
        <metrics statements="13" coveredstatements="9" conditionals="8" coveredconditionals="4" methods="6" coveredmethods="5"/>
        <line num="3" count="2" type="stmt"/>
        <line num="7" count="12" type="cond" truecount="3" falsecount="1"/>
        <line num="11" count="42" type="stmt"/>
        <line num="15" count="24" type="stmt"/>
        <line num="16" count="24" type="cond" truecount="1" falsecount="1"/>
        <line num="17" count="24" type="stmt"/>
        <line num="19" count="24" type="stmt"/>
        <line num="23" count="0" type="stmt"/>
        <line num="24" count="0" type="cond" truecount="0" falsecount="2"/>
        <line num="25" count="0" type="stmt"/>
        <line num="27" count="0" type="stmt"/>
        <line num="31" count="24" type="stmt"/>
        <line num="35" count="24" type="stmt"/>
      </file>
      <file name="Tree.ts" path="E:\programming\evoluation_ts_bootcamp\homeworks\evo-ts-bootcamp\homeworks\03-data-structure\models\Tree.ts">
        <metrics statements="135" coveredstatements="64" conditionals="88" coveredconditionals="28" methods="28" coveredmethods="11"/>
        <line num="1" count="2" type="stmt"/>
        <line num="2" count="2" type="stmt"/>
        <line num="4" count="2" type="stmt"/>
        <line num="6" count="2" type="stmt"/>
        <line num="12" count="24" type="stmt"/>
        <line num="13" count="24" type="stmt"/>
        <line num="17" count="2" type="stmt"/>
        <line num="21" count="7" type="stmt"/>
        <line num="25" count="1" type="stmt"/>
        <line num="26" count="1" type="stmt"/>
        <line num="30" count="5" type="stmt"/>
        <line num="31" count="5" type="stmt"/>
        <line num="32" count="5" type="stmt"/>
        <line num="33" count="5" type="cond" truecount="4" falsecount="0"/>
        <line num="34" count="2" type="stmt"/>
        <line num="36" count="3" type="stmt"/>
        <line num="37" count="3" type="stmt"/>
        <line num="41" count="12" type="stmt"/>
        <line num="42" count="12" type="stmt"/>
        <line num="44" count="12" type="stmt"/>
        <line num="45" count="24" type="stmt"/>
        <line num="47" count="24" type="cond" truecount="3" falsecount="1"/>
        <line num="48" count="0" type="cond" truecount="0" falsecount="6"/>
        <line num="49" count="0" type="stmt"/>
        <line num="52" count="24" type="cond" truecount="2" falsecount="0"/>
        <line num="53" count="6" type="stmt"/>
        <line num="54" count="6" type="stmt"/>
        <line num="57" count="18" type="stmt"/>
        <line num="60" count="18" type="cond" truecount="2" falsecount="0"/>
        <line num="61" count="6" type="stmt"/>
        <line num="62" count="6" type="stmt"/>
        <line num="65" count="12" type="stmt"/>
        <line num="69" count="12" type="stmt"/>
        <line num="73" count="0" type="stmt"/>
        <line num="75" count="0" type="stmt"/>
        <line num="77" count="0" type="stmt"/>
        <line num="78" count="0" type="stmt"/>
        <line num="80" count="0" type="stmt"/>
        <line num="81" count="0" type="stmt"/>
        <line num="83" count="0" type="stmt"/>
        <line num="84" count="0" type="stmt"/>
        <line num="86" count="0" type="stmt"/>
        <line num="87" count="0" type="stmt"/>
        <line num="89" count="0" type="stmt"/>
        <line num="92" count="0" type="stmt"/>
        <line num="96" count="0" type="stmt"/>
        <line num="99" count="7" type="stmt"/>
        <line num="100" count="0" type="cond" truecount="0" falsecount="2"/>
        <line num="101" count="0" type="stmt"/>
        <line num="104" count="0" type="stmt"/>
        <line num="105" count="0" type="stmt"/>
        <line num="106" count="0" type="stmt"/>
        <line num="109" count="7" type="stmt"/>
        <line num="110" count="0" type="cond" truecount="0" falsecount="2"/>
        <line num="111" count="0" type="stmt"/>
        <line num="114" count="0" type="stmt"/>
        <line num="115" count="0" type="stmt"/>
        <line num="116" count="0" type="stmt"/>
        <line num="119" count="7" type="stmt"/>
        <line num="120" count="0" type="cond" truecount="0" falsecount="2"/>
        <line num="121" count="0" type="stmt"/>
        <line num="124" count="0" type="stmt"/>
        <line num="125" count="0" type="stmt"/>
        <line num="126" count="0" type="stmt"/>
        <line num="130" count="0" type="cond" truecount="0" falsecount="2"/>
        <line num="131" count="0" type="stmt"/>
        <line num="132" count="0" type="cond" truecount="0" falsecount="4"/>
        <line num="133" count="0" type="stmt"/>
        <line num="134" count="0" type="stmt"/>
        <line num="135" count="0" type="cond" truecount="0" falsecount="2"/>
        <line num="136" count="0" type="stmt"/>
        <line num="138" count="0" type="cond" truecount="0" falsecount="2"/>
        <line num="139" count="0" type="cond" truecount="0" falsecount="2"/>
        <line num="141" count="0" type="stmt"/>
        <line num="146" count="0" type="cond" truecount="0" falsecount="2"/>
        <line num="147" count="0" type="stmt"/>
        <line num="148" count="0" type="cond" truecount="0" falsecount="8"/>
        <line num="149" count="0" type="stmt"/>
        <line num="150" count="0" type="stmt"/>
        <line num="151" count="0" type="cond" truecount="0" falsecount="2"/>
        <line num="152" count="0" type="stmt"/>
        <line num="154" count="0" type="cond" truecount="0" falsecount="2"/>
        <line num="155" count="0" type="cond" truecount="0" falsecount="2"/>
        <line num="157" count="0" type="stmt"/>
        <line num="166" count="75" type="cond" truecount="2" falsecount="0"/>
        <line num="167" count="40" type="stmt"/>
        <line num="170" count="35" type="cond" truecount="2" falsecount="0"/>
        <line num="171" count="10" type="stmt"/>
        <line num="174" count="35" type="cond" truecount="2" falsecount="0"/>
        <line num="175" count="10" type="stmt"/>
        <line num="178" count="35" type="stmt"/>
        <line num="179" count="35" type="stmt"/>
        <line num="188" count="45" type="cond" truecount="2" falsecount="0"/>
        <line num="189" count="24" type="stmt"/>
        <line num="192" count="21" type="cond" truecount="2" falsecount="0"/>
        <line num="193" count="5" type="stmt"/>
        <line num="196" count="21" type="stmt"/>
        <line num="197" count="21" type="stmt"/>
        <line num="201" count="2" type="stmt"/>
        <line num="202" count="2" type="stmt"/>
        <line num="205" count="2" type="stmt"/>
        <line num="209" count="0" type="stmt"/>
        <line num="213" count="4" type="stmt"/>
        <line num="214" count="4" type="stmt"/>
        <line num="218" count="0" type="cond" truecount="0" falsecount="2"/>
        <line num="219" count="0" type="stmt"/>
        <line num="220" count="0" type="stmt"/>
        <line num="221" count="0" type="cond" truecount="0" falsecount="2"/>
        <line num="222" count="0" type="stmt"/>
        <line num="225" count="0" type="stmt"/>
        <line num="231" count="0" type="cond" truecount="0" falsecount="2"/>
        <line num="232" count="0" type="stmt"/>
        <line num="235" count="0" type="stmt"/>
        <line num="236" count="0" type="stmt"/>
        <line num="237" count="0" type="stmt"/>
        <line num="238" count="0" type="stmt"/>
        <line num="240" count="0" type="stmt"/>
        <line num="244" count="14" type="cond" truecount="2" falsecount="0"/>
        <line num="245" count="4" type="stmt"/>
        <line num="247" count="4" type="cond" truecount="1" falsecount="1"/>
        <line num="248" count="0" type="stmt"/>
        <line num="251" count="10" type="cond" truecount="2" falsecount="0"/>
        <line num="252" count="9" type="stmt"/>
        <line num="254" count="1" type="cond" truecount="1" falsecount="1"/>
        <line num="255" count="1" type="stmt"/>
        <line num="258" count="0" type="stmt"/>
        <line num="261" count="14" type="stmt"/>
        <line num="265" count="0" type="cond" truecount="0" falsecount="2"/>
        <line num="266" count="0" type="stmt"/>
        <line num="268" count="0" type="cond" truecount="0" falsecount="2"/>
        <line num="269" count="0" type="stmt"/>
        <line num="272" count="0" type="stmt"/>
        <line num="278" count="2" type="stmt"/>
        <line num="279" count="5" type="stmt"/>
        <line num="280" count="5" type="stmt"/>
      </file>
      <file name="index.ts" path="E:\programming\evoluation_ts_bootcamp\homeworks\evo-ts-bootcamp\homeworks\03-data-structure\models\index.ts">
        <metrics statements="2" coveredstatements="2" conditionals="0" coveredconditionals="0" methods="0" coveredmethods="0"/>
        <line num="1" count="2" type="stmt"/>
        <line num="2" count="2" type="stmt"/>
      </file>
    </package>
    <package name="services">
      <metrics statements="49" coveredstatements="37" conditionals="14" coveredconditionals="6" methods="5" coveredmethods="3"/>
      <file name="MergeSortService.ts" path="E:\programming\evoluation_ts_bootcamp\homeworks\evo-ts-bootcamp\homeworks\03-data-structure\services\MergeSortService.ts">
        <metrics statements="34" coveredstatements="34" conditionals="6" coveredconditionals="6" methods="3" coveredmethods="3"/>
        <line num="3" count="1" type="stmt"/>
        <line num="4" count="4" type="stmt"/>
        <line num="5" count="4" type="stmt"/>
        <line num="6" count="4" type="stmt"/>
        <line num="15" count="48" type="cond" truecount="2" falsecount="0"/>
        <line num="16" count="22" type="stmt"/>
        <line num="17" count="22" type="stmt"/>
        <line num="18" count="22" type="stmt"/>
        <line num="19" count="22" type="stmt"/>
        <line num="30" count="22" type="stmt"/>
        <line num="31" count="22" type="stmt"/>
        <line num="33" count="22" type="stmt"/>
        <line num="34" count="22" type="stmt"/>
        <line num="39" count="22" type="stmt"/>
        <line num="40" count="38" type="stmt"/>
        <line num="43" count="22" type="stmt"/>
        <line num="44" count="34" type="stmt"/>
        <line num="47" count="22" type="stmt"/>
        <line num="48" count="22" type="stmt"/>
        <line num="50" count="22" type="cond" truecount="2" falsecount="0"/>
        <line num="51" count="45" type="cond" truecount="2" falsecount="0"/>
        <line num="52" count="27" type="stmt"/>
        <line num="53" count="27" type="stmt"/>
        <line num="56" count="18" type="stmt"/>
        <line num="57" count="18" type="stmt"/>
        <line num="59" count="45" type="stmt"/>
        <line num="62" count="22" type="stmt"/>
        <line num="63" count="11" type="stmt"/>
        <line num="64" count="11" type="stmt"/>
        <line num="65" count="11" type="stmt"/>
        <line num="68" count="22" type="stmt"/>
        <line num="69" count="16" type="stmt"/>
        <line num="70" count="16" type="stmt"/>
        <line num="71" count="16" type="stmt"/>
      </file>
      <file name="TestService.ts" path="E:\programming\evoluation_ts_bootcamp\homeworks\evo-ts-bootcamp\homeworks\03-data-structure\services\TestService.ts">
        <metrics statements="13" coveredstatements="1" conditionals="8" coveredconditionals="0" methods="2" coveredmethods="0"/>
        <line num="1" count="2" type="stmt"/>
        <line num="2" count="0" type="stmt"/>
        <line num="3" count="0" type="stmt"/>
        <line num="5" count="0" type="cond" truecount="0" falsecount="2"/>
        <line num="6" count="0" type="stmt"/>
        <line num="7" count="0" type="stmt"/>
        <line num="10" count="0" type="stmt"/>
        <line num="11" count="0" type="cond" truecount="0" falsecount="2"/>
        <line num="12" count="0" type="stmt"/>
        <line num="13" count="0" type="cond" truecount="0" falsecount="2"/>
        <line num="14" count="0" type="stmt"/>
        <line num="20" count="0" type="stmt"/>
        <line num="22" count="0" type="cond" truecount="0" falsecount="2"/>
      </file>
      <file name="index.ts" path="E:\programming\evoluation_ts_bootcamp\homeworks\evo-ts-bootcamp\homeworks\03-data-structure\services\index.ts">
        <metrics statements="2" coveredstatements="2" conditionals="0" coveredconditionals="0" methods="0" coveredmethods="0"/>
        <line num="1" count="1" type="stmt"/>
        <line num="2" count="1" type="stmt"/>
      </file>
    </package>
  </project>
</coverage>
