{"E:\\programming\\evoluation_ts_bootcamp\\homeworks\\evo-ts-bootcamp\\homeworks\\03-data-structure\\enums\\index.ts": {"path":"E:\\programming\\evoluation_ts_bootcamp\\homeworks\\evo-ts-bootcamp\\homeworks\\03-data-structure\\enums\\index.ts","statementMap":{"0":{"start":{"line":1,"column":0},"end":{"line":1,"column":null}},"1":{"start":{"line":2,"column":4},"end":{"line":2,"column":null}},"2":{"start":{"line":3,"column":4},"end":{"line":3,"column":null}},"3":{"start":{"line":4,"column":4},"end":{"line":4,"column":null}},"4":{"start":{"line":5,"column":4},"end":{"line":5,"column":null}}},"fnMap":{"0":{"name":"(anonymous_0)","decl":{"start":{"line":1,"column":0},"end":{"line":1,"column":12}},"loc":{"start":{"line":1,"column":24},"end":{"line":6,"column":1}}}},"branchMap":{"0":{"loc":{"start":{"line":1,"column":12},"end":{"line":1,"column":24}},"type":"binary-expr","locations":[{"start":{"line":1,"column":12},"end":{"line":1,"column":24}},{"start":{"line":1,"column":12},"end":{"line":1,"column":null}}]}},"s":{"0":1,"1":1,"2":1,"3":1,"4":1},"f":{"0":1},"b":{"0":[1,1]}}
,"E:\\programming\\evoluation_ts_bootcamp\\homeworks\\evo-ts-bootcamp\\homeworks\\03-data-structure\\helpers\\assert.ts": {"path":"E:\\programming\\evoluation_ts_bootcamp\\homeworks\\evo-ts-bootcamp\\homeworks\\03-data-structure\\helpers\\assert.ts","statementMap":{"0":{"start":{"line":1,"column":50},"end":{"line":3,"column":1}},"1":{"start":{"line":2,"column":4},"end":{"line":2,"column":46}},"2":{"start":{"line":1,"column":13},"end":{"line":1,"column":50}}},"fnMap":{"0":{"name":"(anonymous_0)","decl":{"start":{"line":1,"column":50},"end":{"line":1,"column":51}},"loc":{"start":{"line":1,"column":65},"end":{"line":3,"column":1}}}},"branchMap":{},"s":{"0":1,"1":0,"2":1},"f":{"0":0},"b":{}}
,"E:\\programming\\evoluation_ts_bootcamp\\homeworks\\evo-ts-bootcamp\\homeworks\\03-data-structure\\helpers\\index.ts": {"path":"E:\\programming\\evoluation_ts_bootcamp\\homeworks\\evo-ts-bootcamp\\homeworks\\03-data-structure\\helpers\\index.ts","statementMap":{"0":{"start":{"line":1,"column":0},"end":{"line":1,"column":25}}},"fnMap":{},"branchMap":{},"s":{"0":1},"f":{},"b":{}}
,"E:\\programming\\evoluation_ts_bootcamp\\homeworks\\evo-ts-bootcamp\\homeworks\\03-data-structure\\services\\MergeSort.ts": {"path":"E:\\programming\\evoluation_ts_bootcamp\\homeworks\\evo-ts-bootcamp\\homeworks\\03-data-structure\\services\\MergeSort.ts","statementMap":{"0":{"start":{"line":4,"column":19},"end":{"line":4,"column":30}},"1":{"start":{"line":5,"column":4},"end":{"line":5,"column":56}},"2":{"start":{"line":6,"column":4},"end":{"line":6,"column":18}},"3":{"start":{"line":3,"column":0},"end":{"line":3,"column":16}},"4":{"start":{"line":15,"column":4},"end":{"line":20,"column":null}},"5":{"start":{"line":16,"column":25},"end":{"line":16,"column":65}},"6":{"start":{"line":17,"column":8},"end":{"line":17,"column":59}},"7":{"start":{"line":18,"column":8},"end":{"line":18,"column":64}},"8":{"start":{"line":19,"column":8},"end":{"line":19,"column":72}},"9":{"start":{"line":30,"column":21},"end":{"line":30,"column":45}},"10":{"start":{"line":31,"column":22},"end":{"line":31,"column":43}},"11":{"start":{"line":33,"column":25},"end":{"line":33,"column":27}},"12":{"start":{"line":34,"column":26},"end":{"line":34,"column":28}},"13":{"start":{"line":39,"column":4},"end":{"line":41,"column":null}},"14":{"start":{"line":40,"column":8},"end":{"line":40,"column":69}},"15":{"start":{"line":43,"column":4},"end":{"line":45,"column":null}},"16":{"start":{"line":44,"column":8},"end":{"line":44,"column":75}},"17":{"start":{"line":47,"column":4},"end":{"line":47,"column":41}},"18":{"start":{"line":48,"column":28},"end":{"line":48,"column":37}},"19":{"start":{"line":50,"column":4},"end":{"line":60,"column":null}},"20":{"start":{"line":51,"column":8},"end":{"line":58,"column":null}},"21":{"start":{"line":52,"column":12},"end":{"line":52,"column":56}},"22":{"start":{"line":53,"column":12},"end":{"line":53,"column":29}},"23":{"start":{"line":56,"column":12},"end":{"line":56,"column":58}},"24":{"start":{"line":57,"column":12},"end":{"line":57,"column":30}},"25":{"start":{"line":59,"column":8},"end":{"line":59,"column":20}},"26":{"start":{"line":62,"column":4},"end":{"line":66,"column":null}},"27":{"start":{"line":63,"column":8},"end":{"line":63,"column":52}},"28":{"start":{"line":64,"column":8},"end":{"line":64,"column":25}},"29":{"start":{"line":65,"column":8},"end":{"line":65,"column":20}},"30":{"start":{"line":68,"column":4},"end":{"line":72,"column":null}},"31":{"start":{"line":69,"column":8},"end":{"line":69,"column":54}},"32":{"start":{"line":70,"column":8},"end":{"line":70,"column":26}},"33":{"start":{"line":71,"column":8},"end":{"line":71,"column":20}}},"fnMap":{"0":{"name":"mergeSort","decl":{"start":{"line":3,"column":16},"end":{"line":3,"column":25}},"loc":{"start":{"line":3,"column":77},"end":{"line":7,"column":1}}},"1":{"name":"sort","decl":{"start":{"line":9,"column":9},"end":{"line":9,"column":13}},"loc":{"start":{"line":13,"column":39},"end":{"line":21,"column":1}}},"2":{"name":"merge","decl":{"start":{"line":23,"column":9},"end":{"line":23,"column":14}},"loc":{"start":{"line":28,"column":39},"end":{"line":73,"column":1}}}},"branchMap":{"0":{"loc":{"start":{"line":15,"column":4},"end":{"line":20,"column":null}},"type":"if","locations":[{"start":{"line":15,"column":4},"end":{"line":20,"column":null}},{"start":{"line":15,"column":4},"end":{"line":20,"column":null}}]},"1":{"loc":{"start":{"line":50,"column":11},"end":{"line":50,"column":36}},"type":"binary-expr","locations":[{"start":{"line":50,"column":11},"end":{"line":50,"column":36}},{"start":{"line":50,"column":40},"end":{"line":50,"column":67}}]},"2":{"loc":{"start":{"line":51,"column":8},"end":{"line":58,"column":null}},"type":"if","locations":[{"start":{"line":51,"column":8},"end":{"line":58,"column":null}},{"start":{"line":51,"column":8},"end":{"line":58,"column":null}}]}},"s":{"0":0,"1":0,"2":0,"3":1,"4":0,"5":0,"6":0,"7":0,"8":0,"9":0,"10":0,"11":0,"12":0,"13":0,"14":0,"15":0,"16":0,"17":0,"18":0,"19":0,"20":0,"21":0,"22":0,"23":0,"24":0,"25":0,"26":0,"27":0,"28":0,"29":0,"30":0,"31":0,"32":0,"33":0},"f":{"0":0,"1":0,"2":0},"b":{"0":[0,0],"1":[0,0],"2":[0,0]}}
,"E:\\programming\\evoluation_ts_bootcamp\\homeworks\\evo-ts-bootcamp\\homeworks\\03-data-structure\\services\\Queue.ts": {"path":"E:\\programming\\evoluation_ts_bootcamp\\homeworks\\evo-ts-bootcamp\\homeworks\\03-data-structure\\services\\Queue.ts","statementMap":{"0":{"start":{"line":7,"column":8},"end":{"line":7,"column":34}},"1":{"start":{"line":11,"column":8},"end":{"line":11,"column":39}},"2":{"start":{"line":15,"column":19},"end":{"line":15,"column":28}},"3":{"start":{"line":16,"column":8},"end":{"line":18,"column":null}},"4":{"start":{"line":17,"column":12},"end":{"line":17,"column":36}},"5":{"start":{"line":19,"column":8},"end":{"line":19,"column":20}},"6":{"start":{"line":23,"column":19},"end":{"line":23,"column":28}},"7":{"start":{"line":24,"column":8},"end":{"line":26,"column":null}},"8":{"start":{"line":25,"column":12},"end":{"line":25,"column":33}},"9":{"start":{"line":27,"column":8},"end":{"line":27,"column":20}},"10":{"start":{"line":31,"column":8},"end":{"line":31,"column":33}},"11":{"start":{"line":35,"column":8},"end":{"line":35,"column":39}},"12":{"start":{"line":3,"column":0},"end":{"line":3,"column":13}}},"fnMap":{"0":{"name":"(anonymous_0)","decl":{"start":{"line":6,"column":4},"end":{"line":6,"column":16}},"loc":{"start":{"line":6,"column":28},"end":{"line":8,"column":5}}},"1":{"name":"(anonymous_1)","decl":{"start":{"line":10,"column":4},"end":{"line":10,"column":11}},"loc":{"start":{"line":10,"column":20},"end":{"line":12,"column":5}}},"2":{"name":"(anonymous_2)","decl":{"start":{"line":14,"column":4},"end":{"line":14,"column":11}},"loc":{"start":{"line":14,"column":11},"end":{"line":20,"column":5}}},"3":{"name":"(anonymous_3)","decl":{"start":{"line":22,"column":4},"end":{"line":22,"column":8}},"loc":{"start":{"line":22,"column":8},"end":{"line":28,"column":5}}},"4":{"name":"(anonymous_4)","decl":{"start":{"line":30,"column":4},"end":{"line":30,"column":8}},"loc":{"start":{"line":30,"column":13},"end":{"line":32,"column":5}}},"5":{"name":"(anonymous_5)","decl":{"start":{"line":34,"column":4},"end":{"line":34,"column":8}},"loc":{"start":{"line":34,"column":13},"end":{"line":36,"column":5}}}},"branchMap":{"0":{"loc":{"start":{"line":7,"column":21},"end":{"line":7,"column":27}},"type":"binary-expr","locations":[{"start":{"line":7,"column":21},"end":{"line":7,"column":27}},{"start":{"line":7,"column":31},"end":{"line":7,"column":33}}]},"1":{"loc":{"start":{"line":16,"column":8},"end":{"line":18,"column":null}},"type":"if","locations":[{"start":{"line":16,"column":8},"end":{"line":18,"column":null}},{"start":{"line":16,"column":8},"end":{"line":18,"column":null}}]},"2":{"loc":{"start":{"line":24,"column":8},"end":{"line":26,"column":null}},"type":"if","locations":[{"start":{"line":24,"column":8},"end":{"line":26,"column":null}},{"start":{"line":24,"column":8},"end":{"line":26,"column":null}}]}},"s":{"0":0,"1":0,"2":0,"3":0,"4":0,"5":0,"6":0,"7":0,"8":0,"9":0,"10":0,"11":0,"12":1},"f":{"0":0,"1":0,"2":0,"3":0,"4":0,"5":0},"b":{"0":[0,0],"1":[0,0],"2":[0,0]}}
,"E:\\programming\\evoluation_ts_bootcamp\\homeworks\\evo-ts-bootcamp\\homeworks\\03-data-structure\\services\\Tree.ts": {"path":"E:\\programming\\evoluation_ts_bootcamp\\homeworks\\evo-ts-bootcamp\\homeworks\\03-data-structure\\services\\Tree.ts","statementMap":{"0":{"start":{"line":1,"column":0},"end":{"line":1,"column":40}},"1":{"start":{"line":2,"column":0},"end":{"line":2,"column":41}},"2":{"start":{"line":4,"column":0},"end":{"line":4,"column":31}},"3":{"start":{"line":12,"column":8},"end":{"line":12,"column":27}},"4":{"start":{"line":13,"column":8},"end":{"line":13,"column":43}},"5":{"start":{"line":6,"column":0},"end":{"line":6,"column":13}},"6":{"start":{"line":96,"column":12},"end":{"line":104,"column":null}},"7":{"start":{"line":97,"column":8},"end":{"line":99,"column":null}},"8":{"start":{"line":98,"column":12},"end":{"line":98,"column":19}},"9":{"start":{"line":101,"column":8},"end":{"line":101,"column":52}},"10":{"start":{"line":102,"column":8},"end":{"line":102,"column":36}},"11":{"start":{"line":103,"column":8},"end":{"line":103,"column":53}},"12":{"start":{"line":106,"column":12},"end":{"line":114,"column":null}},"13":{"start":{"line":107,"column":8},"end":{"line":109,"column":null}},"14":{"start":{"line":108,"column":12},"end":{"line":108,"column":19}},"15":{"start":{"line":111,"column":8},"end":{"line":111,"column":36}},"16":{"start":{"line":112,"column":8},"end":{"line":112,"column":53}},"17":{"start":{"line":113,"column":8},"end":{"line":113,"column":54}},"18":{"start":{"line":116,"column":12},"end":{"line":124,"column":null}},"19":{"start":{"line":117,"column":8},"end":{"line":119,"column":null}},"20":{"start":{"line":118,"column":12},"end":{"line":118,"column":19}},"21":{"start":{"line":121,"column":8},"end":{"line":121,"column":54}},"22":{"start":{"line":122,"column":8},"end":{"line":122,"column":55}},"23":{"start":{"line":123,"column":8},"end":{"line":123,"column":36}},"24":{"start":{"line":21,"column":8},"end":{"line":21,"column":44}},"25":{"start":{"line":25,"column":8},"end":{"line":25,"column":44}},"26":{"start":{"line":26,"column":8},"end":{"line":26,"column":20}},"27":{"start":{"line":30,"column":25},"end":{"line":30,"column":27}},"28":{"start":{"line":31,"column":32},"end":{"line":31,"column":53}},"29":{"start":{"line":32,"column":8},"end":{"line":32,"column":75}},"30":{"start":{"line":33,"column":8},"end":{"line":35,"column":null}},"31":{"start":{"line":34,"column":12},"end":{"line":34,"column":null}},"32":{"start":{"line":36,"column":8},"end":{"line":36,"column":75}},"33":{"start":{"line":37,"column":8},"end":{"line":37,"column":19}},"34":{"start":{"line":41,"column":49},"end":{"line":41,"column":73}},"35":{"start":{"line":42,"column":8},"end":{"line":42,"column":49}},"36":{"start":{"line":44,"column":8},"end":{"line":66,"column":null}},"37":{"start":{"line":45,"column":29},"end":{"line":45,"column":52}},"38":{"start":{"line":47,"column":12},"end":{"line":49,"column":null}},"39":{"start":{"line":48,"column":16},"end":{"line":48,"column":23}},"40":{"start":{"line":51,"column":12},"end":{"line":57,"column":null}},"41":{"start":{"line":52,"column":16},"end":{"line":52,"column":52}},"42":{"start":{"line":53,"column":16},"end":{"line":53,"column":22}},"43":{"start":{"line":56,"column":16},"end":{"line":56,"column":53}},"44":{"start":{"line":59,"column":12},"end":{"line":65,"column":null}},"45":{"start":{"line":60,"column":16},"end":{"line":60,"column":53}},"46":{"start":{"line":61,"column":16},"end":{"line":61,"column":22}},"47":{"start":{"line":64,"column":16},"end":{"line":64,"column":54}},"48":{"start":{"line":70,"column":28},"end":{"line":70,"column":30}},"49":{"start":{"line":72,"column":8},"end":{"line":87,"column":null}},"50":{"start":{"line":74,"column":16},"end":{"line":74,"column":64}},"51":{"start":{"line":75,"column":16},"end":{"line":75,"column":22}},"52":{"start":{"line":77,"column":16},"end":{"line":77,"column":65}},"53":{"start":{"line":78,"column":16},"end":{"line":78,"column":22}},"54":{"start":{"line":80,"column":16},"end":{"line":80,"column":66}},"55":{"start":{"line":81,"column":16},"end":{"line":81,"column":22}},"56":{"start":{"line":83,"column":16},"end":{"line":83,"column":69}},"57":{"start":{"line":84,"column":16},"end":{"line":84,"column":22}},"58":{"start":{"line":86,"column":16},"end":{"line":86,"column":38}},"59":{"start":{"line":89,"column":8},"end":{"line":89,"column":22}},"60":{"start":{"line":93,"column":8},"end":{"line":93,"column":44}},"61":{"start":{"line":127,"column":8},"end":{"line":139,"column":null}},"62":{"start":{"line":128,"column":43},"end":{"line":128,"column":45}},"63":{"start":{"line":129,"column":34},"end":{"line":129,"column":83}},"64":{"start":{"line":129,"column":56},"end":{"line":129,"column":64}},"65":{"start":{"line":129,"column":75},"end":{"line":129,"column":82}},"66":{"start":{"line":130,"column":12},"end":{"line":130,"column":55}},"67":{"start":{"line":130,"column":39},"end":{"line":130,"column":53}},"68":{"start":{"line":131,"column":12},"end":{"line":137,"column":15}},"69":{"start":{"line":132,"column":16},"end":{"line":134,"column":null}},"70":{"start":{"line":133,"column":20},"end":{"line":133,"column":27}},"71":{"start":{"line":135,"column":16},"end":{"line":135,"column":46}},"72":{"start":{"line":136,"column":16},"end":{"line":136,"column":48}},"73":{"start":{"line":138,"column":12},"end":{"line":138,"column":35}},"74":{"start":{"line":143,"column":8},"end":{"line":155,"column":null}},"75":{"start":{"line":144,"column":43},"end":{"line":144,"column":45}},"76":{"start":{"line":145,"column":27},"end":{"line":145,"column":65}},"77":{"start":{"line":145,"column":46},"end":{"line":145,"column":64}},"78":{"start":{"line":146,"column":12},"end":{"line":146,"column":44}},"79":{"start":{"line":147,"column":12},"end":{"line":153,"column":15}},"80":{"start":{"line":148,"column":16},"end":{"line":150,"column":null}},"81":{"start":{"line":149,"column":20},"end":{"line":149,"column":27}},"82":{"start":{"line":151,"column":16},"end":{"line":151,"column":46}},"83":{"start":{"line":152,"column":16},"end":{"line":152,"column":48}},"84":{"start":{"line":154,"column":12},"end":{"line":154,"column":35}},"85":{"start":{"line":163,"column":8},"end":{"line":165,"column":null}},"86":{"start":{"line":164,"column":12},"end":{"line":164,"column":19}},"87":{"start":{"line":167,"column":8},"end":{"line":169,"column":null}},"88":{"start":{"line":168,"column":12},"end":{"line":168,"column":42}},"89":{"start":{"line":171,"column":8},"end":{"line":173,"column":null}},"90":{"start":{"line":172,"column":12},"end":{"line":172,"column":42}},"91":{"start":{"line":175,"column":8},"end":{"line":175,"column":81}},"92":{"start":{"line":176,"column":8},"end":{"line":176,"column":82}},"93":{"start":{"line":185,"column":8},"end":{"line":187,"column":null}},"94":{"start":{"line":186,"column":12},"end":{"line":186,"column":19}},"95":{"start":{"line":189,"column":8},"end":{"line":191,"column":null}},"96":{"start":{"line":190,"column":12},"end":{"line":190,"column":40}},"97":{"start":{"line":193,"column":8},"end":{"line":193,"column":98}},"98":{"start":{"line":194,"column":8},"end":{"line":194,"column":99}},"99":{"start":{"line":17,"column":0},"end":{"line":17,"column":13}},"100":{"start":{"line":202,"column":8},"end":{"line":202,"column":24}},"101":{"start":{"line":199,"column":12},"end":{"line":199,"column":40}},"102":{"start":{"line":206,"column":8},"end":{"line":206,"column":53}},"103":{"start":{"line":210,"column":8},"end":{"line":210,"column":51}},"104":{"start":{"line":214,"column":8},"end":{"line":223,"column":null}},"105":{"start":{"line":215,"column":27},"end":{"line":215,"column":62}},"106":{"start":{"line":216,"column":27},"end":{"line":216,"column":73}},"107":{"start":{"line":217,"column":12},"end":{"line":222,"column":null}},"108":{"start":{"line":218,"column":16},"end":{"line":218,"column":39}},"109":{"start":{"line":221,"column":16},"end":{"line":221,"column":61}},"110":{"start":{"line":227,"column":8},"end":{"line":229,"column":null}},"111":{"start":{"line":228,"column":12},"end":{"line":228,"column":29}},"112":{"start":{"line":231,"column":20},"end":{"line":231,"column":49}},"113":{"start":{"line":232,"column":42},"end":{"line":232,"column":67}},"114":{"start":{"line":233,"column":8},"end":{"line":233,"column":65}},"115":{"start":{"line":234,"column":8},"end":{"line":234,"column":64}},"116":{"start":{"line":236,"column":8},"end":{"line":236,"column":24}},"117":{"start":{"line":240,"column":8},"end":{"line":255,"column":null}},"118":{"start":{"line":241,"column":12},"end":{"line":241,"column":51}},"119":{"start":{"line":243,"column":12},"end":{"line":245,"column":null}},"120":{"start":{"line":244,"column":16},"end":{"line":244,"column":40}},"121":{"start":{"line":247,"column":13},"end":{"line":255,"column":null}},"122":{"start":{"line":248,"column":12},"end":{"line":248,"column":69}},"123":{"start":{"line":250,"column":13},"end":{"line":255,"column":null}},"124":{"start":{"line":251,"column":12},"end":{"line":251,"column":67}},"125":{"start":{"line":254,"column":12},"end":{"line":254,"column":74}},"126":{"start":{"line":257,"column":8},"end":{"line":257,"column":24}},"127":{"start":{"line":261,"column":8},"end":{"line":270,"column":null}},"128":{"start":{"line":262,"column":12},"end":{"line":262,"column":25}},"129":{"start":{"line":264,"column":13},"end":{"line":270,"column":null}},"130":{"start":{"line":265,"column":12},"end":{"line":265,"column":24}},"131":{"start":{"line":268,"column":12},"end":{"line":269,"column":87}},"132":{"start":{"line":198,"column":0},"end":{"line":198,"column":13}},"133":{"start":{"line":275,"column":4},"end":{"line":275,"column":20}},"134":{"start":{"line":276,"column":4},"end":{"line":276,"column":20}},"135":{"start":{"line":274,"column":0},"end":{"line":274,"column":13}}},"fnMap":{"0":{"name":"(anonymous_0)","decl":{"start":{"line":11,"column":4},"end":{"line":11,"column":16}},"loc":{"start":{"line":11,"column":24},"end":{"line":14,"column":5}}},"1":{"name":"(anonymous_1)","decl":{"start":{"line":20,"column":4},"end":{"line":20,"column":16}},"loc":{"start":{"line":20,"column":38},"end":{"line":22,"column":5}}},"2":{"name":"(anonymous_2)","decl":{"start":{"line":96,"column":78},"end":{"line":96,"column":79}},"loc":{"start":{"line":96,"column":99},"end":{"line":104,"column":5}}},"3":{"name":"(anonymous_3)","decl":{"start":{"line":106,"column":79},"end":{"line":106,"column":80}},"loc":{"start":{"line":106,"column":100},"end":{"line":114,"column":5}}},"4":{"name":"(anonymous_4)","decl":{"start":{"line":116,"column":80},"end":{"line":116,"column":81}},"loc":{"start":{"line":116,"column":101},"end":{"line":124,"column":5}}},"5":{"name":"(anonymous_5)","decl":{"start":{"line":24,"column":4},"end":{"line":24,"column":11}},"loc":{"start":{"line":24,"column":34},"end":{"line":27,"column":5}}},"6":{"name":"(anonymous_6)","decl":{"start":{"line":29,"column":4},"end":{"line":29,"column":13}},"loc":{"start":{"line":29,"column":33},"end":{"line":38,"column":5}}},"7":{"name":"(anonymous_7)","decl":{"start":{"line":40,"column":4},"end":{"line":40,"column":10}},"loc":{"start":{"line":40,"column":19},"end":{"line":67,"column":5}}},"8":{"name":"(anonymous_8)","decl":{"start":{"line":69,"column":4},"end":{"line":69,"column":12}},"loc":{"start":{"line":69,"column":35},"end":{"line":90,"column":5}}},"9":{"name":"(anonymous_9)","decl":{"start":{"line":92,"column":4},"end":{"line":92,"column":9}},"loc":{"start":{"line":92,"column":9},"end":{"line":94,"column":5}}},"10":{"name":"(anonymous_10)","decl":{"start":{"line":126,"column":12},"end":{"line":126,"column":30}},"loc":{"start":{"line":126,"column":69},"end":{"line":140,"column":5}}},"11":{"name":"(anonymous_11)","decl":{"start":{"line":129,"column":51},"end":{"line":129,"column":52}},"loc":{"start":{"line":129,"column":56},"end":{"line":129,"column":64}}},"12":{"name":"(anonymous_12)","decl":{"start":{"line":129,"column":70},"end":{"line":129,"column":71}},"loc":{"start":{"line":129,"column":75},"end":{"line":129,"column":82}}},"13":{"name":"(anonymous_13)","decl":{"start":{"line":130,"column":34},"end":{"line":130,"column":35}},"loc":{"start":{"line":130,"column":39},"end":{"line":130,"column":53}}},"14":{"name":"(anonymous_14)","decl":{"start":{"line":131,"column":30},"end":{"line":131,"column":31}},"loc":{"start":{"line":131,"column":34},"end":{"line":137,"column":13}}},"15":{"name":"(anonymous_15)","decl":{"start":{"line":142,"column":12},"end":{"line":142,"column":21}},"loc":{"start":{"line":142,"column":47},"end":{"line":156,"column":5}}},"16":{"name":"(anonymous_16)","decl":{"start":{"line":145,"column":41},"end":{"line":145,"column":42}},"loc":{"start":{"line":145,"column":46},"end":{"line":145,"column":64}}},"17":{"name":"(anonymous_17)","decl":{"start":{"line":147,"column":30},"end":{"line":147,"column":31}},"loc":{"start":{"line":147,"column":34},"end":{"line":153,"column":13}}},"18":{"name":"(anonymous_18)","decl":{"start":{"line":158,"column":12},"end":{"line":158,"column":34}},"loc":{"start":{"line":161,"column":23},"end":{"line":177,"column":5}}},"19":{"name":"(anonymous_19)","decl":{"start":{"line":179,"column":12},"end":{"line":179,"column":36}},"loc":{"start":{"line":183,"column":38},"end":{"line":195,"column":5}}},"20":{"name":"(anonymous_20)","decl":{"start":{"line":201,"column":4},"end":{"line":201,"column":16}},"loc":{"start":{"line":201,"column":43},"end":{"line":203,"column":5}}},"21":{"name":"(anonymous_21)","decl":{"start":{"line":205,"column":4},"end":{"line":205,"column":7}},"loc":{"start":{"line":205,"column":21},"end":{"line":207,"column":5}}},"22":{"name":"(anonymous_22)","decl":{"start":{"line":209,"column":4},"end":{"line":209,"column":10}},"loc":{"start":{"line":209,"column":24},"end":{"line":211,"column":5}}},"23":{"name":"(anonymous_23)","decl":{"start":{"line":213,"column":4},"end":{"line":213,"column":11}},"loc":{"start":{"line":213,"column":11},"end":{"line":224,"column":5}}},"24":{"name":"(anonymous_24)","decl":{"start":{"line":226,"column":12},"end":{"line":226,"column":23}},"loc":{"start":{"line":226,"column":68},"end":{"line":237,"column":5}}},"25":{"name":"(anonymous_25)","decl":{"start":{"line":239,"column":12},"end":{"line":239,"column":23}},"loc":{"start":{"line":239,"column":78},"end":{"line":258,"column":5}}},"26":{"name":"(anonymous_26)","decl":{"start":{"line":260,"column":12},"end":{"line":260,"column":18}},"loc":{"start":{"line":260,"column":73},"end":{"line":271,"column":5}}},"27":{"name":"(anonymous_27)","decl":{"start":{"line":274,"column":0},"end":{"line":274,"column":13}},"loc":{"start":{"line":274,"column":0},"end":{"line":277,"column":1}}}},"branchMap":{"0":{"loc":{"start":{"line":97,"column":8},"end":{"line":99,"column":null}},"type":"if","locations":[{"start":{"line":97,"column":8},"end":{"line":99,"column":null}},{"start":{"line":97,"column":8},"end":{"line":99,"column":null}}]},"1":{"loc":{"start":{"line":107,"column":8},"end":{"line":109,"column":null}},"type":"if","locations":[{"start":{"line":107,"column":8},"end":{"line":109,"column":null}},{"start":{"line":107,"column":8},"end":{"line":109,"column":null}}]},"2":{"loc":{"start":{"line":117,"column":8},"end":{"line":119,"column":null}},"type":"if","locations":[{"start":{"line":117,"column":8},"end":{"line":119,"column":null}},{"start":{"line":117,"column":8},"end":{"line":119,"column":null}}]},"3":{"loc":{"start":{"line":33,"column":8},"end":{"line":35,"column":null}},"type":"if","locations":[{"start":{"line":33,"column":8},"end":{"line":35,"column":null}},{"start":{"line":33,"column":8},"end":{"line":35,"column":null}}]},"4":{"loc":{"start":{"line":33,"column":12},"end":{"line":33,"column":45}},"type":"binary-expr","locations":[{"start":{"line":33,"column":12},"end":{"line":33,"column":45}},{"start":{"line":33,"column":49},"end":{"line":33,"column":82}}]},"5":{"loc":{"start":{"line":47,"column":12},"end":{"line":49,"column":null}},"type":"if","locations":[{"start":{"line":47,"column":12},"end":{"line":49,"column":null}},{"start":{"line":47,"column":12},"end":{"line":49,"column":null}}]},"6":{"loc":{"start":{"line":47,"column":16},"end":{"line":47,"column":25}},"type":"binary-expr","locations":[{"start":{"line":47,"column":16},"end":{"line":47,"column":25}},{"start":{"line":47,"column":29},"end":{"line":47,"column":53}}]},"7":{"loc":{"start":{"line":51,"column":12},"end":{"line":57,"column":null}},"type":"if","locations":[{"start":{"line":51,"column":12},"end":{"line":57,"column":null}},{"start":{"line":51,"column":12},"end":{"line":57,"column":null}}]},"8":{"loc":{"start":{"line":59,"column":12},"end":{"line":65,"column":null}},"type":"if","locations":[{"start":{"line":59,"column":12},"end":{"line":65,"column":null}},{"start":{"line":59,"column":12},"end":{"line":65,"column":null}}]},"9":{"loc":{"start":{"line":73,"column":12},"end":{"line":75,"column":22}},"type":"switch","locations":[{"start":{"line":73,"column":12},"end":{"line":75,"column":22}},{"start":{"line":76,"column":12},"end":{"line":78,"column":22}},{"start":{"line":79,"column":12},"end":{"line":81,"column":22}},{"start":{"line":82,"column":12},"end":{"line":84,"column":22}},{"start":{"line":85,"column":12},"end":{"line":86,"column":38}}]},"10":{"loc":{"start":{"line":127,"column":8},"end":{"line":139,"column":null}},"type":"if","locations":[{"start":{"line":127,"column":8},"end":{"line":139,"column":null}},{"start":{"line":127,"column":8},"end":{"line":139,"column":null}}]},"11":{"loc":{"start":{"line":132,"column":16},"end":{"line":134,"column":null}},"type":"if","locations":[{"start":{"line":132,"column":16},"end":{"line":134,"column":null}},{"start":{"line":132,"column":16},"end":{"line":134,"column":null}}]},"12":{"loc":{"start":{"line":135,"column":16},"end":{"line":135,"column":22}},"type":"binary-expr","locations":[{"start":{"line":135,"column":16},"end":{"line":135,"column":22}},{"start":{"line":135,"column":26},"end":{"line":135,"column":45}}]},"13":{"loc":{"start":{"line":136,"column":16},"end":{"line":136,"column":23}},"type":"binary-expr","locations":[{"start":{"line":136,"column":16},"end":{"line":136,"column":23}},{"start":{"line":136,"column":27},"end":{"line":136,"column":47}}]},"14":{"loc":{"start":{"line":143,"column":8},"end":{"line":155,"column":null}},"type":"if","locations":[{"start":{"line":143,"column":8},"end":{"line":155,"column":null}},{"start":{"line":143,"column":8},"end":{"line":155,"column":null}}]},"15":{"loc":{"start":{"line":145,"column":46},"end":{"line":145,"column":54}},"type":"binary-expr","locations":[{"start":{"line":145,"column":46},"end":{"line":145,"column":54}},{"start":{"line":145,"column":58},"end":{"line":145,"column":64}}]},"16":{"loc":{"start":{"line":148,"column":16},"end":{"line":150,"column":null}},"type":"if","locations":[{"start":{"line":148,"column":16},"end":{"line":150,"column":null}},{"start":{"line":148,"column":16},"end":{"line":150,"column":null}}]},"17":{"loc":{"start":{"line":151,"column":16},"end":{"line":151,"column":22}},"type":"binary-expr","locations":[{"start":{"line":151,"column":16},"end":{"line":151,"column":22}},{"start":{"line":151,"column":26},"end":{"line":151,"column":45}}]},"18":{"loc":{"start":{"line":152,"column":16},"end":{"line":152,"column":23}},"type":"binary-expr","locations":[{"start":{"line":152,"column":16},"end":{"line":152,"column":23}},{"start":{"line":152,"column":27},"end":{"line":152,"column":47}}]},"19":{"loc":{"start":{"line":163,"column":8},"end":{"line":165,"column":null}},"type":"if","locations":[{"start":{"line":163,"column":8},"end":{"line":165,"column":null}},{"start":{"line":163,"column":8},"end":{"line":165,"column":null}}]},"20":{"loc":{"start":{"line":167,"column":8},"end":{"line":169,"column":null}},"type":"if","locations":[{"start":{"line":167,"column":8},"end":{"line":169,"column":null}},{"start":{"line":167,"column":8},"end":{"line":169,"column":null}}]},"21":{"loc":{"start":{"line":171,"column":8},"end":{"line":173,"column":null}},"type":"if","locations":[{"start":{"line":171,"column":8},"end":{"line":173,"column":null}},{"start":{"line":171,"column":8},"end":{"line":173,"column":null}}]},"22":{"loc":{"start":{"line":183,"column":37},"end":{"line":183,"column":38}},"type":"default-arg","locations":[{"start":{"line":183,"column":37},"end":{"line":183,"column":38}}]},"23":{"loc":{"start":{"line":185,"column":8},"end":{"line":187,"column":null}},"type":"if","locations":[{"start":{"line":185,"column":8},"end":{"line":187,"column":null}},{"start":{"line":185,"column":8},"end":{"line":187,"column":null}}]},"24":{"loc":{"start":{"line":189,"column":8},"end":{"line":191,"column":null}},"type":"if","locations":[{"start":{"line":189,"column":8},"end":{"line":191,"column":null}},{"start":{"line":189,"column":8},"end":{"line":191,"column":null}}]},"25":{"loc":{"start":{"line":214,"column":8},"end":{"line":223,"column":null}},"type":"if","locations":[{"start":{"line":214,"column":8},"end":{"line":223,"column":null}},{"start":{"line":214,"column":8},"end":{"line":223,"column":null}}]},"26":{"loc":{"start":{"line":217,"column":12},"end":{"line":222,"column":null}},"type":"if","locations":[{"start":{"line":217,"column":12},"end":{"line":222,"column":null}},{"start":{"line":217,"column":12},"end":{"line":222,"column":null}}]},"27":{"loc":{"start":{"line":227,"column":8},"end":{"line":229,"column":null}},"type":"if","locations":[{"start":{"line":227,"column":8},"end":{"line":229,"column":null}},{"start":{"line":227,"column":8},"end":{"line":229,"column":null}}]},"28":{"loc":{"start":{"line":240,"column":8},"end":{"line":255,"column":null}},"type":"if","locations":[{"start":{"line":240,"column":8},"end":{"line":255,"column":null}},{"start":{"line":240,"column":8},"end":{"line":255,"column":null}}]},"29":{"loc":{"start":{"line":243,"column":12},"end":{"line":245,"column":null}},"type":"if","locations":[{"start":{"line":243,"column":12},"end":{"line":245,"column":null}},{"start":{"line":243,"column":12},"end":{"line":245,"column":null}}]},"30":{"loc":{"start":{"line":247,"column":13},"end":{"line":255,"column":null}},"type":"if","locations":[{"start":{"line":247,"column":13},"end":{"line":255,"column":null}},{"start":{"line":247,"column":13},"end":{"line":255,"column":null}}]},"31":{"loc":{"start":{"line":250,"column":13},"end":{"line":255,"column":null}},"type":"if","locations":[{"start":{"line":250,"column":13},"end":{"line":255,"column":null}},{"start":{"line":250,"column":13},"end":{"line":255,"column":null}}]},"32":{"loc":{"start":{"line":261,"column":8},"end":{"line":270,"column":null}},"type":"if","locations":[{"start":{"line":261,"column":8},"end":{"line":270,"column":null}},{"start":{"line":261,"column":8},"end":{"line":270,"column":null}}]},"33":{"loc":{"start":{"line":264,"column":13},"end":{"line":270,"column":null}},"type":"if","locations":[{"start":{"line":264,"column":13},"end":{"line":270,"column":null}},{"start":{"line":264,"column":13},"end":{"line":270,"column":null}}]},"34":{"loc":{"start":{"line":269,"column":16},"end":{"line":269,"column":49}},"type":"cond-expr","locations":[{"start":{"line":269,"column":16},"end":{"line":269,"column":49}},{"start":{"line":269,"column":52},"end":{"line":269,"column":86}}]}},"s":{"0":1,"1":1,"2":1,"3":3,"4":3,"5":1,"6":2,"7":0,"8":0,"9":0,"10":0,"11":0,"12":2,"13":0,"14":0,"15":0,"16":0,"17":0,"18":2,"19":0,"20":0,"21":0,"22":0,"23":0,"24":2,"25":1,"26":1,"27":0,"28":0,"29":0,"30":0,"31":0,"32":0,"33":0,"34":0,"35":0,"36":0,"37":0,"38":0,"39":0,"40":0,"41":0,"42":0,"43":0,"44":0,"45":0,"46":0,"47":0,"48":0,"49":0,"50":0,"51":0,"52":0,"53":0,"54":0,"55":0,"56":0,"57":0,"58":0,"59":0,"60":0,"61":0,"62":0,"63":0,"64":0,"65":0,"66":0,"67":0,"68":0,"69":0,"70":0,"71":0,"72":0,"73":0,"74":0,"75":0,"76":0,"77":0,"78":0,"79":0,"80":0,"81":0,"82":0,"83":0,"84":0,"85":0,"86":0,"87":0,"88":0,"89":0,"90":0,"91":0,"92":0,"93":0,"94":0,"95":0,"96":0,"97":0,"98":0,"99":1,"100":0,"101":0,"102":0,"103":0,"104":0,"105":0,"106":0,"107":0,"108":0,"109":0,"110":0,"111":0,"112":0,"113":0,"114":0,"115":0,"116":0,"117":0,"118":0,"119":0,"120":0,"121":0,"122":0,"123":0,"124":0,"125":0,"126":0,"127":0,"128":0,"129":0,"130":0,"131":0,"132":1,"133":0,"134":0,"135":1},"f":{"0":3,"1":2,"2":0,"3":0,"4":0,"5":1,"6":0,"7":0,"8":0,"9":0,"10":0,"11":0,"12":0,"13":0,"14":0,"15":0,"16":0,"17":0,"18":0,"19":0,"20":0,"21":0,"22":0,"23":0,"24":0,"25":0,"26":0,"27":0},"b":{"0":[0,0],"1":[0,0],"2":[0,0],"3":[0,0],"4":[0,0],"5":[0,0],"6":[0,0],"7":[0,0],"8":[0,0],"9":[0,0,0,0,0],"10":[0,0],"11":[0,0],"12":[0,0],"13":[0,0],"14":[0,0],"15":[0,0],"16":[0,0],"17":[0,0],"18":[0,0],"19":[0,0],"20":[0,0],"21":[0,0],"22":[0],"23":[0,0],"24":[0,0],"25":[0,0],"26":[0,0],"27":[0,0],"28":[0,0],"29":[0,0],"30":[0,0],"31":[0,0],"32":[0,0],"33":[0,0],"34":[0,0]}}
,"E:\\programming\\evoluation_ts_bootcamp\\homeworks\\evo-ts-bootcamp\\homeworks\\03-data-structure\\services\\index.ts": {"path":"E:\\programming\\evoluation_ts_bootcamp\\homeworks\\evo-ts-bootcamp\\homeworks\\03-data-structure\\services\\index.ts","statementMap":{"0":{"start":{"line":1,"column":0},"end":{"line":1,"column":24}},"1":{"start":{"line":2,"column":0},"end":{"line":2,"column":23}},"2":{"start":{"line":3,"column":0},"end":{"line":3,"column":28}}},"fnMap":{},"branchMap":{},"s":{"0":1,"1":1,"2":1},"f":{},"b":{}}
}
