{"E:\\programming\\evoluation_ts_bootcamp\\homeworks\\evo-ts-bootcamp\\homeworks\\03-data-structure\\enums\\index.ts": {"path":"E:\\programming\\evoluation_ts_bootcamp\\homeworks\\evo-ts-bootcamp\\homeworks\\03-data-structure\\enums\\index.ts","statementMap":{"0":{"start":{"line":1,"column":0},"end":{"line":1,"column":null}},"1":{"start":{"line":2,"column":4},"end":{"line":2,"column":null}},"2":{"start":{"line":3,"column":4},"end":{"line":3,"column":null}},"3":{"start":{"line":4,"column":4},"end":{"line":4,"column":null}},"4":{"start":{"line":5,"column":4},"end":{"line":5,"column":null}}},"fnMap":{"0":{"name":"(anonymous_0)","decl":{"start":{"line":1,"column":0},"end":{"line":1,"column":12}},"loc":{"start":{"line":1,"column":24},"end":{"line":6,"column":1}}}},"branchMap":{"0":{"loc":{"start":{"line":1,"column":12},"end":{"line":1,"column":24}},"type":"binary-expr","locations":[{"start":{"line":1,"column":12},"end":{"line":1,"column":24}},{"start":{"line":1,"column":12},"end":{"line":1,"column":null}}]}},"s":{"0":1,"1":1,"2":1,"3":1,"4":1},"f":{"0":1},"b":{"0":[1,1]}}
,"E:\\programming\\evoluation_ts_bootcamp\\homeworks\\evo-ts-bootcamp\\homeworks\\03-data-structure\\helpers\\assert.ts": {"path":"E:\\programming\\evoluation_ts_bootcamp\\homeworks\\evo-ts-bootcamp\\homeworks\\03-data-structure\\helpers\\assert.ts","statementMap":{"0":{"start":{"line":1,"column":50},"end":{"line":3,"column":1}},"1":{"start":{"line":2,"column":4},"end":{"line":2,"column":46}},"2":{"start":{"line":1,"column":13},"end":{"line":1,"column":50}}},"fnMap":{"0":{"name":"(anonymous_0)","decl":{"start":{"line":1,"column":50},"end":{"line":1,"column":51}},"loc":{"start":{"line":1,"column":65},"end":{"line":3,"column":1}}}},"branchMap":{},"s":{"0":1,"1":0,"2":1},"f":{"0":0},"b":{}}
,"E:\\programming\\evoluation_ts_bootcamp\\homeworks\\evo-ts-bootcamp\\homeworks\\03-data-structure\\helpers\\index.ts": {"path":"E:\\programming\\evoluation_ts_bootcamp\\homeworks\\evo-ts-bootcamp\\homeworks\\03-data-structure\\helpers\\index.ts","statementMap":{"0":{"start":{"line":1,"column":0},"end":{"line":1,"column":25}}},"fnMap":{},"branchMap":{},"s":{"0":1},"f":{},"b":{}}
,"E:\\programming\\evoluation_ts_bootcamp\\homeworks\\evo-ts-bootcamp\\homeworks\\03-data-structure\\models\\Queue.ts": {"path":"E:\\programming\\evoluation_ts_bootcamp\\homeworks\\evo-ts-bootcamp\\homeworks\\03-data-structure\\models\\Queue.ts","statementMap":{"0":{"start":{"line":7,"column":8},"end":{"line":7,"column":34}},"1":{"start":{"line":11,"column":8},"end":{"line":11,"column":39}},"2":{"start":{"line":15,"column":19},"end":{"line":15,"column":28}},"3":{"start":{"line":16,"column":8},"end":{"line":18,"column":null}},"4":{"start":{"line":17,"column":12},"end":{"line":17,"column":36}},"5":{"start":{"line":19,"column":8},"end":{"line":19,"column":20}},"6":{"start":{"line":23,"column":19},"end":{"line":23,"column":28}},"7":{"start":{"line":24,"column":8},"end":{"line":26,"column":null}},"8":{"start":{"line":25,"column":12},"end":{"line":25,"column":33}},"9":{"start":{"line":27,"column":8},"end":{"line":27,"column":20}},"10":{"start":{"line":31,"column":8},"end":{"line":31,"column":33}},"11":{"start":{"line":35,"column":8},"end":{"line":35,"column":39}},"12":{"start":{"line":3,"column":0},"end":{"line":3,"column":13}}},"fnMap":{"0":{"name":"(anonymous_0)","decl":{"start":{"line":6,"column":4},"end":{"line":6,"column":16}},"loc":{"start":{"line":6,"column":28},"end":{"line":8,"column":5}}},"1":{"name":"(anonymous_1)","decl":{"start":{"line":10,"column":4},"end":{"line":10,"column":11}},"loc":{"start":{"line":10,"column":20},"end":{"line":12,"column":5}}},"2":{"name":"(anonymous_2)","decl":{"start":{"line":14,"column":4},"end":{"line":14,"column":11}},"loc":{"start":{"line":14,"column":11},"end":{"line":20,"column":5}}},"3":{"name":"(anonymous_3)","decl":{"start":{"line":22,"column":4},"end":{"line":22,"column":8}},"loc":{"start":{"line":22,"column":8},"end":{"line":28,"column":5}}},"4":{"name":"(anonymous_4)","decl":{"start":{"line":30,"column":4},"end":{"line":30,"column":8}},"loc":{"start":{"line":30,"column":13},"end":{"line":32,"column":5}}},"5":{"name":"(anonymous_5)","decl":{"start":{"line":34,"column":4},"end":{"line":34,"column":8}},"loc":{"start":{"line":34,"column":13},"end":{"line":36,"column":5}}}},"branchMap":{"0":{"loc":{"start":{"line":7,"column":21},"end":{"line":7,"column":27}},"type":"cond-expr","locations":[{"start":{"line":7,"column":21},"end":{"line":7,"column":27}},{"start":{"line":7,"column":31},"end":{"line":7,"column":33}}]},"1":{"loc":{"start":{"line":7,"column":21},"end":{"line":7,"column":31}},"type":"binary-expr","locations":[{"start":{"line":7,"column":21},"end":{"line":7,"column":31}},{"start":{"line":7,"column":21},"end":{"line":7,"column":31}}]},"2":{"loc":{"start":{"line":16,"column":8},"end":{"line":18,"column":null}},"type":"if","locations":[{"start":{"line":16,"column":8},"end":{"line":18,"column":null}},{"start":{"line":16,"column":8},"end":{"line":18,"column":null}}]},"3":{"loc":{"start":{"line":24,"column":8},"end":{"line":26,"column":null}},"type":"if","locations":[{"start":{"line":24,"column":8},"end":{"line":26,"column":null}},{"start":{"line":24,"column":8},"end":{"line":26,"column":null}}]}},"s":{"0":12,"1":42,"2":24,"3":24,"4":24,"5":24,"6":0,"7":0,"8":0,"9":0,"10":24,"11":24,"12":1},"f":{"0":12,"1":42,"2":24,"3":0,"4":24,"5":24},"b":{"0":[0,12],"1":[12,12],"2":[24,0],"3":[0,0]}}
,"E:\\programming\\evoluation_ts_bootcamp\\homeworks\\evo-ts-bootcamp\\homeworks\\03-data-structure\\models\\Tree.ts": {"path":"E:\\programming\\evoluation_ts_bootcamp\\homeworks\\evo-ts-bootcamp\\homeworks\\03-data-structure\\models\\Tree.ts","statementMap":{"0":{"start":{"line":1,"column":0},"end":{"line":1,"column":40}},"1":{"start":{"line":2,"column":0},"end":{"line":2,"column":41}},"2":{"start":{"line":4,"column":0},"end":{"line":4,"column":31}},"3":{"start":{"line":12,"column":8},"end":{"line":12,"column":27}},"4":{"start":{"line":13,"column":8},"end":{"line":13,"column":43}},"5":{"start":{"line":6,"column":0},"end":{"line":6,"column":13}},"6":{"start":{"line":99,"column":12},"end":{"line":107,"column":null}},"7":{"start":{"line":100,"column":8},"end":{"line":102,"column":null}},"8":{"start":{"line":101,"column":12},"end":{"line":101,"column":19}},"9":{"start":{"line":104,"column":8},"end":{"line":104,"column":52}},"10":{"start":{"line":105,"column":8},"end":{"line":105,"column":36}},"11":{"start":{"line":106,"column":8},"end":{"line":106,"column":53}},"12":{"start":{"line":109,"column":12},"end":{"line":117,"column":null}},"13":{"start":{"line":110,"column":8},"end":{"line":112,"column":null}},"14":{"start":{"line":111,"column":12},"end":{"line":111,"column":19}},"15":{"start":{"line":114,"column":8},"end":{"line":114,"column":36}},"16":{"start":{"line":115,"column":8},"end":{"line":115,"column":53}},"17":{"start":{"line":116,"column":8},"end":{"line":116,"column":54}},"18":{"start":{"line":119,"column":12},"end":{"line":127,"column":null}},"19":{"start":{"line":120,"column":8},"end":{"line":122,"column":null}},"20":{"start":{"line":121,"column":12},"end":{"line":121,"column":19}},"21":{"start":{"line":124,"column":8},"end":{"line":124,"column":54}},"22":{"start":{"line":125,"column":8},"end":{"line":125,"column":55}},"23":{"start":{"line":126,"column":8},"end":{"line":126,"column":36}},"24":{"start":{"line":21,"column":8},"end":{"line":21,"column":44}},"25":{"start":{"line":25,"column":8},"end":{"line":25,"column":44}},"26":{"start":{"line":26,"column":8},"end":{"line":26,"column":20}},"27":{"start":{"line":30,"column":25},"end":{"line":30,"column":27}},"28":{"start":{"line":31,"column":32},"end":{"line":31,"column":53}},"29":{"start":{"line":32,"column":8},"end":{"line":32,"column":75}},"30":{"start":{"line":33,"column":8},"end":{"line":35,"column":null}},"31":{"start":{"line":34,"column":12},"end":{"line":34,"column":null}},"32":{"start":{"line":36,"column":8},"end":{"line":36,"column":75}},"33":{"start":{"line":37,"column":8},"end":{"line":37,"column":19}},"34":{"start":{"line":41,"column":49},"end":{"line":41,"column":73}},"35":{"start":{"line":42,"column":8},"end":{"line":42,"column":49}},"36":{"start":{"line":44,"column":8},"end":{"line":67,"column":null}},"37":{"start":{"line":45,"column":29},"end":{"line":45,"column":52}},"38":{"start":{"line":47,"column":12},"end":{"line":50,"column":null}},"39":{"start":{"line":48,"column":16},"end":{"line":48,"column":106}},"40":{"start":{"line":49,"column":16},"end":{"line":49,"column":25}},"41":{"start":{"line":52,"column":12},"end":{"line":58,"column":null}},"42":{"start":{"line":53,"column":16},"end":{"line":53,"column":52}},"43":{"start":{"line":54,"column":16},"end":{"line":54,"column":22}},"44":{"start":{"line":57,"column":16},"end":{"line":57,"column":53}},"45":{"start":{"line":60,"column":12},"end":{"line":66,"column":null}},"46":{"start":{"line":61,"column":16},"end":{"line":61,"column":53}},"47":{"start":{"line":62,"column":16},"end":{"line":62,"column":22}},"48":{"start":{"line":65,"column":16},"end":{"line":65,"column":54}},"49":{"start":{"line":69,"column":8},"end":{"line":69,"column":20}},"50":{"start":{"line":73,"column":28},"end":{"line":73,"column":30}},"51":{"start":{"line":75,"column":8},"end":{"line":90,"column":null}},"52":{"start":{"line":77,"column":16},"end":{"line":77,"column":64}},"53":{"start":{"line":78,"column":16},"end":{"line":78,"column":22}},"54":{"start":{"line":80,"column":16},"end":{"line":80,"column":65}},"55":{"start":{"line":81,"column":16},"end":{"line":81,"column":22}},"56":{"start":{"line":83,"column":16},"end":{"line":83,"column":66}},"57":{"start":{"line":84,"column":16},"end":{"line":84,"column":22}},"58":{"start":{"line":86,"column":16},"end":{"line":86,"column":69}},"59":{"start":{"line":87,"column":16},"end":{"line":87,"column":22}},"60":{"start":{"line":89,"column":16},"end":{"line":89,"column":38}},"61":{"start":{"line":92,"column":8},"end":{"line":92,"column":22}},"62":{"start":{"line":96,"column":8},"end":{"line":96,"column":44}},"63":{"start":{"line":130,"column":8},"end":{"line":142,"column":null}},"64":{"start":{"line":131,"column":43},"end":{"line":131,"column":45}},"65":{"start":{"line":132,"column":34},"end":{"line":132,"column":83}},"66":{"start":{"line":132,"column":56},"end":{"line":132,"column":64}},"67":{"start":{"line":132,"column":75},"end":{"line":132,"column":82}},"68":{"start":{"line":133,"column":12},"end":{"line":133,"column":55}},"69":{"start":{"line":133,"column":39},"end":{"line":133,"column":53}},"70":{"start":{"line":134,"column":12},"end":{"line":140,"column":15}},"71":{"start":{"line":135,"column":16},"end":{"line":137,"column":null}},"72":{"start":{"line":136,"column":20},"end":{"line":136,"column":27}},"73":{"start":{"line":138,"column":16},"end":{"line":138,"column":46}},"74":{"start":{"line":139,"column":16},"end":{"line":139,"column":48}},"75":{"start":{"line":141,"column":12},"end":{"line":141,"column":35}},"76":{"start":{"line":146,"column":8},"end":{"line":158,"column":null}},"77":{"start":{"line":147,"column":43},"end":{"line":147,"column":45}},"78":{"start":{"line":148,"column":27},"end":{"line":148,"column":65}},"79":{"start":{"line":148,"column":46},"end":{"line":148,"column":65}},"80":{"start":{"line":149,"column":12},"end":{"line":149,"column":44}},"81":{"start":{"line":150,"column":12},"end":{"line":156,"column":15}},"82":{"start":{"line":151,"column":16},"end":{"line":153,"column":null}},"83":{"start":{"line":152,"column":20},"end":{"line":152,"column":27}},"84":{"start":{"line":154,"column":16},"end":{"line":154,"column":46}},"85":{"start":{"line":155,"column":16},"end":{"line":155,"column":48}},"86":{"start":{"line":157,"column":12},"end":{"line":157,"column":35}},"87":{"start":{"line":166,"column":8},"end":{"line":168,"column":null}},"88":{"start":{"line":167,"column":12},"end":{"line":167,"column":19}},"89":{"start":{"line":170,"column":8},"end":{"line":172,"column":null}},"90":{"start":{"line":171,"column":12},"end":{"line":171,"column":42}},"91":{"start":{"line":174,"column":8},"end":{"line":176,"column":null}},"92":{"start":{"line":175,"column":12},"end":{"line":175,"column":42}},"93":{"start":{"line":178,"column":8},"end":{"line":178,"column":81}},"94":{"start":{"line":179,"column":8},"end":{"line":179,"column":82}},"95":{"start":{"line":188,"column":8},"end":{"line":190,"column":null}},"96":{"start":{"line":189,"column":12},"end":{"line":189,"column":19}},"97":{"start":{"line":192,"column":8},"end":{"line":194,"column":null}},"98":{"start":{"line":193,"column":12},"end":{"line":193,"column":40}},"99":{"start":{"line":196,"column":8},"end":{"line":196,"column":98}},"100":{"start":{"line":197,"column":8},"end":{"line":197,"column":99}},"101":{"start":{"line":17,"column":0},"end":{"line":17,"column":13}},"102":{"start":{"line":205,"column":8},"end":{"line":205,"column":24}},"103":{"start":{"line":202,"column":12},"end":{"line":202,"column":40}},"104":{"start":{"line":209,"column":8},"end":{"line":209,"column":53}},"105":{"start":{"line":213,"column":8},"end":{"line":213,"column":51}},"106":{"start":{"line":214,"column":8},"end":{"line":214,"column":20}},"107":{"start":{"line":218,"column":8},"end":{"line":227,"column":null}},"108":{"start":{"line":219,"column":27},"end":{"line":219,"column":62}},"109":{"start":{"line":220,"column":27},"end":{"line":220,"column":73}},"110":{"start":{"line":221,"column":12},"end":{"line":226,"column":null}},"111":{"start":{"line":222,"column":16},"end":{"line":222,"column":39}},"112":{"start":{"line":225,"column":16},"end":{"line":225,"column":61}},"113":{"start":{"line":231,"column":8},"end":{"line":233,"column":null}},"114":{"start":{"line":232,"column":12},"end":{"line":232,"column":29}},"115":{"start":{"line":235,"column":20},"end":{"line":235,"column":49}},"116":{"start":{"line":236,"column":42},"end":{"line":236,"column":67}},"117":{"start":{"line":237,"column":8},"end":{"line":237,"column":65}},"118":{"start":{"line":238,"column":8},"end":{"line":238,"column":64}},"119":{"start":{"line":240,"column":8},"end":{"line":240,"column":24}},"120":{"start":{"line":244,"column":8},"end":{"line":259,"column":null}},"121":{"start":{"line":245,"column":12},"end":{"line":245,"column":51}},"122":{"start":{"line":247,"column":12},"end":{"line":249,"column":null}},"123":{"start":{"line":248,"column":16},"end":{"line":248,"column":40}},"124":{"start":{"line":251,"column":13},"end":{"line":259,"column":null}},"125":{"start":{"line":252,"column":12},"end":{"line":252,"column":69}},"126":{"start":{"line":254,"column":13},"end":{"line":259,"column":null}},"127":{"start":{"line":255,"column":12},"end":{"line":255,"column":67}},"128":{"start":{"line":258,"column":12},"end":{"line":258,"column":74}},"129":{"start":{"line":261,"column":8},"end":{"line":261,"column":24}},"130":{"start":{"line":265,"column":8},"end":{"line":274,"column":null}},"131":{"start":{"line":266,"column":12},"end":{"line":266,"column":25}},"132":{"start":{"line":268,"column":13},"end":{"line":274,"column":null}},"133":{"start":{"line":269,"column":12},"end":{"line":269,"column":24}},"134":{"start":{"line":272,"column":12},"end":{"line":273,"column":87}},"135":{"start":{"line":201,"column":0},"end":{"line":201,"column":13}},"136":{"start":{"line":279,"column":4},"end":{"line":279,"column":20}},"137":{"start":{"line":280,"column":4},"end":{"line":280,"column":20}},"138":{"start":{"line":278,"column":0},"end":{"line":278,"column":13}}},"fnMap":{"0":{"name":"(anonymous_0)","decl":{"start":{"line":11,"column":4},"end":{"line":11,"column":16}},"loc":{"start":{"line":11,"column":24},"end":{"line":14,"column":5}}},"1":{"name":"(anonymous_1)","decl":{"start":{"line":20,"column":4},"end":{"line":20,"column":16}},"loc":{"start":{"line":20,"column":38},"end":{"line":22,"column":5}}},"2":{"name":"(anonymous_2)","decl":{"start":{"line":99,"column":78},"end":{"line":99,"column":79}},"loc":{"start":{"line":99,"column":99},"end":{"line":107,"column":5}}},"3":{"name":"(anonymous_3)","decl":{"start":{"line":109,"column":79},"end":{"line":109,"column":80}},"loc":{"start":{"line":109,"column":100},"end":{"line":117,"column":5}}},"4":{"name":"(anonymous_4)","decl":{"start":{"line":119,"column":80},"end":{"line":119,"column":81}},"loc":{"start":{"line":119,"column":101},"end":{"line":127,"column":5}}},"5":{"name":"(anonymous_5)","decl":{"start":{"line":24,"column":4},"end":{"line":24,"column":11}},"loc":{"start":{"line":24,"column":34},"end":{"line":27,"column":5}}},"6":{"name":"(anonymous_6)","decl":{"start":{"line":29,"column":4},"end":{"line":29,"column":13}},"loc":{"start":{"line":29,"column":33},"end":{"line":38,"column":5}}},"7":{"name":"(anonymous_7)","decl":{"start":{"line":40,"column":4},"end":{"line":40,"column":10}},"loc":{"start":{"line":40,"column":19},"end":{"line":70,"column":5}}},"8":{"name":"(anonymous_8)","decl":{"start":{"line":72,"column":4},"end":{"line":72,"column":12}},"loc":{"start":{"line":72,"column":35},"end":{"line":93,"column":5}}},"9":{"name":"(anonymous_9)","decl":{"start":{"line":95,"column":4},"end":{"line":95,"column":9}},"loc":{"start":{"line":95,"column":9},"end":{"line":97,"column":5}}},"10":{"name":"(anonymous_10)","decl":{"start":{"line":129,"column":12},"end":{"line":129,"column":30}},"loc":{"start":{"line":129,"column":69},"end":{"line":143,"column":5}}},"11":{"name":"(anonymous_11)","decl":{"start":{"line":132,"column":51},"end":{"line":132,"column":52}},"loc":{"start":{"line":132,"column":56},"end":{"line":132,"column":64}}},"12":{"name":"(anonymous_12)","decl":{"start":{"line":132,"column":70},"end":{"line":132,"column":71}},"loc":{"start":{"line":132,"column":75},"end":{"line":132,"column":82}}},"13":{"name":"(anonymous_13)","decl":{"start":{"line":133,"column":34},"end":{"line":133,"column":35}},"loc":{"start":{"line":133,"column":39},"end":{"line":133,"column":53}}},"14":{"name":"(anonymous_14)","decl":{"start":{"line":134,"column":30},"end":{"line":134,"column":31}},"loc":{"start":{"line":134,"column":34},"end":{"line":140,"column":13}}},"15":{"name":"(anonymous_15)","decl":{"start":{"line":145,"column":12},"end":{"line":145,"column":21}},"loc":{"start":{"line":145,"column":47},"end":{"line":159,"column":5}}},"16":{"name":"(anonymous_16)","decl":{"start":{"line":148,"column":41},"end":{"line":148,"column":42}},"loc":{"start":{"line":148,"column":45},"end":{"line":148,"column":65}}},"17":{"name":"(anonymous_17)","decl":{"start":{"line":150,"column":30},"end":{"line":150,"column":31}},"loc":{"start":{"line":150,"column":34},"end":{"line":156,"column":13}}},"18":{"name":"(anonymous_18)","decl":{"start":{"line":161,"column":12},"end":{"line":161,"column":34}},"loc":{"start":{"line":164,"column":23},"end":{"line":180,"column":5}}},"19":{"name":"(anonymous_19)","decl":{"start":{"line":182,"column":12},"end":{"line":182,"column":36}},"loc":{"start":{"line":186,"column":38},"end":{"line":198,"column":5}}},"20":{"name":"(anonymous_20)","decl":{"start":{"line":204,"column":4},"end":{"line":204,"column":16}},"loc":{"start":{"line":204,"column":43},"end":{"line":206,"column":5}}},"21":{"name":"(anonymous_21)","decl":{"start":{"line":208,"column":4},"end":{"line":208,"column":7}},"loc":{"start":{"line":208,"column":21},"end":{"line":210,"column":5}}},"22":{"name":"(anonymous_22)","decl":{"start":{"line":212,"column":4},"end":{"line":212,"column":10}},"loc":{"start":{"line":212,"column":24},"end":{"line":215,"column":5}}},"23":{"name":"(anonymous_23)","decl":{"start":{"line":217,"column":4},"end":{"line":217,"column":11}},"loc":{"start":{"line":217,"column":11},"end":{"line":228,"column":5}}},"24":{"name":"(anonymous_24)","decl":{"start":{"line":230,"column":12},"end":{"line":230,"column":23}},"loc":{"start":{"line":230,"column":68},"end":{"line":241,"column":5}}},"25":{"name":"(anonymous_25)","decl":{"start":{"line":243,"column":12},"end":{"line":243,"column":23}},"loc":{"start":{"line":243,"column":78},"end":{"line":262,"column":5}}},"26":{"name":"(anonymous_26)","decl":{"start":{"line":264,"column":12},"end":{"line":264,"column":18}},"loc":{"start":{"line":264,"column":73},"end":{"line":275,"column":5}}},"27":{"name":"(anonymous_27)","decl":{"start":{"line":278,"column":0},"end":{"line":278,"column":13}},"loc":{"start":{"line":278,"column":0},"end":{"line":281,"column":1}}}},"branchMap":{"0":{"loc":{"start":{"line":100,"column":8},"end":{"line":102,"column":null}},"type":"if","locations":[{"start":{"line":100,"column":8},"end":{"line":102,"column":null}},{"start":{"line":100,"column":8},"end":{"line":102,"column":null}}]},"1":{"loc":{"start":{"line":110,"column":8},"end":{"line":112,"column":null}},"type":"if","locations":[{"start":{"line":110,"column":8},"end":{"line":112,"column":null}},{"start":{"line":110,"column":8},"end":{"line":112,"column":null}}]},"2":{"loc":{"start":{"line":120,"column":8},"end":{"line":122,"column":null}},"type":"if","locations":[{"start":{"line":120,"column":8},"end":{"line":122,"column":null}},{"start":{"line":120,"column":8},"end":{"line":122,"column":null}}]},"3":{"loc":{"start":{"line":33,"column":8},"end":{"line":35,"column":null}},"type":"if","locations":[{"start":{"line":33,"column":8},"end":{"line":35,"column":null}},{"start":{"line":33,"column":8},"end":{"line":35,"column":null}}]},"4":{"loc":{"start":{"line":33,"column":12},"end":{"line":33,"column":45}},"type":"binary-expr","locations":[{"start":{"line":33,"column":12},"end":{"line":33,"column":45}},{"start":{"line":33,"column":49},"end":{"line":33,"column":82}}]},"5":{"loc":{"start":{"line":47,"column":12},"end":{"line":50,"column":null}},"type":"if","locations":[{"start":{"line":47,"column":12},"end":{"line":50,"column":null}},{"start":{"line":47,"column":12},"end":{"line":50,"column":null}}]},"6":{"loc":{"start":{"line":47,"column":16},"end":{"line":47,"column":25}},"type":"binary-expr","locations":[{"start":{"line":47,"column":16},"end":{"line":47,"column":25}},{"start":{"line":47,"column":29},"end":{"line":47,"column":53}}]},"7":{"loc":{"start":{"line":48,"column":16},"end":{"line":48,"column":41}},"type":"binary-expr","locations":[{"start":{"line":48,"column":16},"end":{"line":48,"column":41}},{"start":{"line":48,"column":45},"end":{"line":48,"column":105}}]},"8":{"loc":{"start":{"line":48,"column":24},"end":{"line":48,"column":26}},"type":"cond-expr","locations":[{"start":{"line":48,"column":24},"end":{"line":48,"column":26}},{"start":{"line":48,"column":16},"end":{"line":48,"column":31}}]},"9":{"loc":{"start":{"line":48,"column":16},"end":{"line":48,"column":26}},"type":"binary-expr","locations":[{"start":{"line":48,"column":16},"end":{"line":48,"column":26}},{"start":{"line":48,"column":16},"end":{"line":48,"column":26}}]},"10":{"loc":{"start":{"line":52,"column":12},"end":{"line":58,"column":null}},"type":"if","locations":[{"start":{"line":52,"column":12},"end":{"line":58,"column":null}},{"start":{"line":52,"column":12},"end":{"line":58,"column":null}}]},"11":{"loc":{"start":{"line":60,"column":12},"end":{"line":66,"column":null}},"type":"if","locations":[{"start":{"line":60,"column":12},"end":{"line":66,"column":null}},{"start":{"line":60,"column":12},"end":{"line":66,"column":null}}]},"12":{"loc":{"start":{"line":76,"column":12},"end":{"line":78,"column":22}},"type":"switch","locations":[{"start":{"line":76,"column":12},"end":{"line":78,"column":22}},{"start":{"line":79,"column":12},"end":{"line":81,"column":22}},{"start":{"line":82,"column":12},"end":{"line":84,"column":22}},{"start":{"line":85,"column":12},"end":{"line":87,"column":22}},{"start":{"line":88,"column":12},"end":{"line":89,"column":38}}]},"13":{"loc":{"start":{"line":130,"column":8},"end":{"line":142,"column":null}},"type":"if","locations":[{"start":{"line":130,"column":8},"end":{"line":142,"column":null}},{"start":{"line":130,"column":8},"end":{"line":142,"column":null}}]},"14":{"loc":{"start":{"line":132,"column":57},"end":{"line":132,"column":59}},"type":"cond-expr","locations":[{"start":{"line":132,"column":57},"end":{"line":132,"column":59}},{"start":{"line":132,"column":56},"end":{"line":132,"column":64}}]},"15":{"loc":{"start":{"line":132,"column":56},"end":{"line":132,"column":59}},"type":"binary-expr","locations":[{"start":{"line":132,"column":56},"end":{"line":132,"column":59}},{"start":{"line":132,"column":56},"end":{"line":132,"column":59}}]},"16":{"loc":{"start":{"line":135,"column":16},"end":{"line":137,"column":null}},"type":"if","locations":[{"start":{"line":135,"column":16},"end":{"line":137,"column":null}},{"start":{"line":135,"column":16},"end":{"line":137,"column":null}}]},"17":{"loc":{"start":{"line":138,"column":16},"end":{"line":138,"column":22}},"type":"binary-expr","locations":[{"start":{"line":138,"column":16},"end":{"line":138,"column":22}},{"start":{"line":138,"column":26},"end":{"line":138,"column":45}}]},"18":{"loc":{"start":{"line":139,"column":16},"end":{"line":139,"column":23}},"type":"binary-expr","locations":[{"start":{"line":139,"column":16},"end":{"line":139,"column":23}},{"start":{"line":139,"column":27},"end":{"line":139,"column":47}}]},"19":{"loc":{"start":{"line":146,"column":8},"end":{"line":158,"column":null}},"type":"if","locations":[{"start":{"line":146,"column":8},"end":{"line":158,"column":null}},{"start":{"line":146,"column":8},"end":{"line":158,"column":null}}]},"20":{"loc":{"start":{"line":148,"column":54},"end":{"line":148,"column":58}},"type":"cond-expr","locations":[{"start":{"line":148,"column":54},"end":{"line":148,"column":58}},{"start":{"line":148,"column":58},"end":{"line":148,"column":64}}]},"21":{"loc":{"start":{"line":148,"column":46},"end":{"line":148,"column":58}},"type":"binary-expr","locations":[{"start":{"line":148,"column":46},"end":{"line":148,"column":58}},{"start":{"line":148,"column":54},"end":{"line":148,"column":58}}]},"22":{"loc":{"start":{"line":148,"column":47},"end":{"line":148,"column":49}},"type":"cond-expr","locations":[{"start":{"line":148,"column":47},"end":{"line":148,"column":49}},{"start":{"line":148,"column":46},"end":{"line":148,"column":54}}]},"23":{"loc":{"start":{"line":148,"column":46},"end":{"line":148,"column":49}},"type":"binary-expr","locations":[{"start":{"line":148,"column":46},"end":{"line":148,"column":49}},{"start":{"line":148,"column":46},"end":{"line":148,"column":49}}]},"24":{"loc":{"start":{"line":151,"column":16},"end":{"line":153,"column":null}},"type":"if","locations":[{"start":{"line":151,"column":16},"end":{"line":153,"column":null}},{"start":{"line":151,"column":16},"end":{"line":153,"column":null}}]},"25":{"loc":{"start":{"line":154,"column":16},"end":{"line":154,"column":22}},"type":"binary-expr","locations":[{"start":{"line":154,"column":16},"end":{"line":154,"column":22}},{"start":{"line":154,"column":26},"end":{"line":154,"column":45}}]},"26":{"loc":{"start":{"line":155,"column":16},"end":{"line":155,"column":23}},"type":"binary-expr","locations":[{"start":{"line":155,"column":16},"end":{"line":155,"column":23}},{"start":{"line":155,"column":27},"end":{"line":155,"column":47}}]},"27":{"loc":{"start":{"line":166,"column":8},"end":{"line":168,"column":null}},"type":"if","locations":[{"start":{"line":166,"column":8},"end":{"line":168,"column":null}},{"start":{"line":166,"column":8},"end":{"line":168,"column":null}}]},"28":{"loc":{"start":{"line":170,"column":8},"end":{"line":172,"column":null}},"type":"if","locations":[{"start":{"line":170,"column":8},"end":{"line":172,"column":null}},{"start":{"line":170,"column":8},"end":{"line":172,"column":null}}]},"29":{"loc":{"start":{"line":174,"column":8},"end":{"line":176,"column":null}},"type":"if","locations":[{"start":{"line":174,"column":8},"end":{"line":176,"column":null}},{"start":{"line":174,"column":8},"end":{"line":176,"column":null}}]},"30":{"loc":{"start":{"line":186,"column":37},"end":{"line":186,"column":38}},"type":"default-arg","locations":[{"start":{"line":186,"column":37},"end":{"line":186,"column":38}}]},"31":{"loc":{"start":{"line":188,"column":8},"end":{"line":190,"column":null}},"type":"if","locations":[{"start":{"line":188,"column":8},"end":{"line":190,"column":null}},{"start":{"line":188,"column":8},"end":{"line":190,"column":null}}]},"32":{"loc":{"start":{"line":192,"column":8},"end":{"line":194,"column":null}},"type":"if","locations":[{"start":{"line":192,"column":8},"end":{"line":194,"column":null}},{"start":{"line":192,"column":8},"end":{"line":194,"column":null}}]},"33":{"loc":{"start":{"line":218,"column":8},"end":{"line":227,"column":null}},"type":"if","locations":[{"start":{"line":218,"column":8},"end":{"line":227,"column":null}},{"start":{"line":218,"column":8},"end":{"line":227,"column":null}}]},"34":{"loc":{"start":{"line":221,"column":12},"end":{"line":226,"column":null}},"type":"if","locations":[{"start":{"line":221,"column":12},"end":{"line":226,"column":null}},{"start":{"line":221,"column":12},"end":{"line":226,"column":null}}]},"35":{"loc":{"start":{"line":231,"column":8},"end":{"line":233,"column":null}},"type":"if","locations":[{"start":{"line":231,"column":8},"end":{"line":233,"column":null}},{"start":{"line":231,"column":8},"end":{"line":233,"column":null}}]},"36":{"loc":{"start":{"line":244,"column":8},"end":{"line":259,"column":null}},"type":"if","locations":[{"start":{"line":244,"column":8},"end":{"line":259,"column":null}},{"start":{"line":244,"column":8},"end":{"line":259,"column":null}}]},"37":{"loc":{"start":{"line":247,"column":12},"end":{"line":249,"column":null}},"type":"if","locations":[{"start":{"line":247,"column":12},"end":{"line":249,"column":null}},{"start":{"line":247,"column":12},"end":{"line":249,"column":null}}]},"38":{"loc":{"start":{"line":251,"column":13},"end":{"line":259,"column":null}},"type":"if","locations":[{"start":{"line":251,"column":13},"end":{"line":259,"column":null}},{"start":{"line":251,"column":13},"end":{"line":259,"column":null}}]},"39":{"loc":{"start":{"line":254,"column":13},"end":{"line":259,"column":null}},"type":"if","locations":[{"start":{"line":254,"column":13},"end":{"line":259,"column":null}},{"start":{"line":254,"column":13},"end":{"line":259,"column":null}}]},"40":{"loc":{"start":{"line":265,"column":8},"end":{"line":274,"column":null}},"type":"if","locations":[{"start":{"line":265,"column":8},"end":{"line":274,"column":null}},{"start":{"line":265,"column":8},"end":{"line":274,"column":null}}]},"41":{"loc":{"start":{"line":268,"column":13},"end":{"line":274,"column":null}},"type":"if","locations":[{"start":{"line":268,"column":13},"end":{"line":274,"column":null}},{"start":{"line":268,"column":13},"end":{"line":274,"column":null}}]},"42":{"loc":{"start":{"line":273,"column":16},"end":{"line":273,"column":49}},"type":"cond-expr","locations":[{"start":{"line":273,"column":16},"end":{"line":273,"column":49}},{"start":{"line":273,"column":52},"end":{"line":273,"column":86}}]}},"s":{"0":1,"1":1,"2":1,"3":18,"4":18,"5":1,"6":5,"7":0,"8":0,"9":0,"10":0,"11":0,"12":5,"13":0,"14":0,"15":0,"16":0,"17":0,"18":5,"19":0,"20":0,"21":0,"22":0,"23":0,"24":5,"25":1,"26":1,"27":5,"28":5,"29":5,"30":5,"31":2,"32":3,"33":3,"34":12,"35":12,"36":12,"37":24,"38":24,"39":0,"40":0,"41":24,"42":6,"43":6,"44":18,"45":18,"46":6,"47":6,"48":12,"49":12,"50":0,"51":0,"52":0,"53":0,"54":0,"55":0,"56":0,"57":0,"58":0,"59":0,"60":0,"61":0,"62":0,"63":0,"64":0,"65":0,"66":0,"67":0,"68":0,"69":0,"70":0,"71":0,"72":0,"73":0,"74":0,"75":0,"76":0,"77":0,"78":0,"79":0,"80":0,"81":0,"82":0,"83":0,"84":0,"85":0,"86":0,"87":75,"88":40,"89":35,"90":10,"91":35,"92":10,"93":35,"94":35,"95":45,"96":24,"97":21,"98":5,"99":21,"100":21,"101":1,"102":0,"103":0,"104":0,"105":0,"106":0,"107":0,"108":0,"109":0,"110":0,"111":0,"112":0,"113":0,"114":0,"115":0,"116":0,"117":0,"118":0,"119":0,"120":0,"121":0,"122":0,"123":0,"124":0,"125":0,"126":0,"127":0,"128":0,"129":0,"130":0,"131":0,"132":0,"133":0,"134":0,"135":1,"136":5,"137":5,"138":1},"f":{"0":18,"1":5,"2":0,"3":0,"4":0,"5":1,"6":5,"7":12,"8":0,"9":0,"10":0,"11":0,"12":0,"13":0,"14":0,"15":0,"16":0,"17":0,"18":75,"19":45,"20":0,"21":0,"22":0,"23":0,"24":0,"25":0,"26":0,"27":5},"b":{"0":[0,0],"1":[0,0],"2":[0,0],"3":[2,3],"4":[5,5],"5":[0,24],"6":[24,24],"7":[0,0],"8":[0,0],"9":[0,0],"10":[6,18],"11":[6,12],"12":[0,0,0,0,0],"13":[0,0],"14":[0,0],"15":[0,0],"16":[0,0],"17":[0,0],"18":[0,0],"19":[0,0],"20":[0,0],"21":[0,0],"22":[0,0],"23":[0,0],"24":[0,0],"25":[0,0],"26":[0,0],"27":[40,35],"28":[10,25],"29":[10,25],"30":[3],"31":[24,21],"32":[5,16],"33":[0,0],"34":[0,0],"35":[0,0],"36":[0,0],"37":[0,0],"38":[0,0],"39":[0,0],"40":[0,0],"41":[0,0],"42":[0,0]}}
,"E:\\programming\\evoluation_ts_bootcamp\\homeworks\\evo-ts-bootcamp\\homeworks\\03-data-structure\\models\\index.ts": {"path":"E:\\programming\\evoluation_ts_bootcamp\\homeworks\\evo-ts-bootcamp\\homeworks\\03-data-structure\\models\\index.ts","statementMap":{"0":{"start":{"line":1,"column":0},"end":{"line":1,"column":24}},"1":{"start":{"line":2,"column":0},"end":{"line":2,"column":23}}},"fnMap":{},"branchMap":{},"s":{"0":1,"1":1},"f":{},"b":{}}
,"E:\\programming\\evoluation_ts_bootcamp\\homeworks\\evo-ts-bootcamp\\homeworks\\03-data-structure\\services\\TestService.ts": {"path":"E:\\programming\\evoluation_ts_bootcamp\\homeworks\\evo-ts-bootcamp\\homeworks\\03-data-structure\\services\\TestService.ts","statementMap":{"0":{"start":{"line":1,"column":97},"end":{"line":24,"column":1}},"1":{"start":{"line":2,"column":31},"end":{"line":2,"column":33}},"2":{"start":{"line":3,"column":15},"end":{"line":3,"column":19}},"3":{"start":{"line":5,"column":4},"end":{"line":18,"column":null}},"4":{"start":{"line":6,"column":8},"end":{"line":6,"column":null}},"5":{"start":{"line":7,"column":8},"end":{"line":7,"column":21}},"6":{"start":{"line":10,"column":8},"end":{"line":17,"column":null}},"7":{"start":{"line":10,"column":21},"end":{"line":10,"column":22}},"8":{"start":{"line":11,"column":12},"end":{"line":16,"column":null}},"9":{"start":{"line":12,"column":16},"end":{"line":12,"column":81}},"10":{"start":{"line":13,"column":16},"end":{"line":15,"column":null}},"11":{"start":{"line":14,"column":20},"end":{"line":14,"column":33}},"12":{"start":{"line":20,"column":4},"end":{"line":23,"column":null}},"13":{"start":{"line":22,"column":23},"end":{"line":22,"column":73}},"14":{"start":{"line":1,"column":13},"end":{"line":1,"column":97}}},"fnMap":{"0":{"name":"(anonymous_0)","decl":{"start":{"line":1,"column":97},"end":{"line":1,"column":98}},"loc":{"start":{"line":1,"column":123},"end":{"line":24,"column":1}}},"1":{"name":"(anonymous_1)","decl":{"start":{"line":22,"column":17},"end":{"line":22,"column":20}},"loc":{"start":{"line":22,"column":23},"end":{"line":22,"column":73}}}},"branchMap":{"0":{"loc":{"start":{"line":5,"column":4},"end":{"line":18,"column":null}},"type":"if","locations":[{"start":{"line":5,"column":4},"end":{"line":18,"column":null}},{"start":{"line":5,"column":4},"end":{"line":18,"column":null}}]},"1":{"loc":{"start":{"line":11,"column":12},"end":{"line":16,"column":null}},"type":"if","locations":[{"start":{"line":11,"column":12},"end":{"line":16,"column":null}},{"start":{"line":11,"column":12},"end":{"line":16,"column":null}}]},"2":{"loc":{"start":{"line":13,"column":16},"end":{"line":15,"column":null}},"type":"if","locations":[{"start":{"line":13,"column":16},"end":{"line":15,"column":null}},{"start":{"line":13,"column":16},"end":{"line":15,"column":null}}]},"3":{"loc":{"start":{"line":22,"column":30},"end":{"line":22,"column":51}},"type":"cond-expr","locations":[{"start":{"line":22,"column":30},"end":{"line":22,"column":51}},{"start":{"line":22,"column":54},"end":{"line":22,"column":73}}]}},"s":{"0":1,"1":0,"2":0,"3":0,"4":0,"5":0,"6":0,"7":0,"8":0,"9":0,"10":0,"11":0,"12":0,"13":0,"14":1},"f":{"0":0,"1":0},"b":{"0":[0,0],"1":[0,0],"2":[0,0],"3":[0,0]}}
}
