TN:
SF:enums\index.ts
FN:1,(anonymous_0)
FNF:1
FNH:1
FNDA:1,(anonymous_0)
DA:1,1
DA:2,1
DA:3,1
DA:4,1
DA:5,1
LF:5
LH:5
BRDA:1,0,0,1
BRDA:1,0,1,1
BRF:2
BRH:2
end_of_record
TN:
SF:helpers\assert.ts
FN:1,(anonymous_0)
FNF:1
FNH:0
FNDA:0,(anonymous_0)
DA:1,1
DA:2,0
LF:2
LH:1
BRF:0
BRH:0
end_of_record
TN:
SF:helpers\index.ts
FNF:0
FNH:0
DA:1,1
LF:1
LH:1
BRF:0
BRH:0
end_of_record
TN:
SF:services\MergeSort.ts
FN:3,mergeSort
FN:9,sort
FN:23,merge
FNF:3
FNH:0
FNDA:0,mergeSort
FNDA:0,sort
FNDA:0,merge
DA:3,1
DA:4,0
DA:5,0
DA:6,0
DA:15,0
DA:16,0
DA:17,0
DA:18,0
DA:19,0
DA:30,0
DA:31,0
DA:33,0
DA:34,0
DA:39,0
DA:40,0
DA:43,0
DA:44,0
DA:47,0
DA:48,0
DA:50,0
DA:51,0
DA:52,0
DA:53,0
DA:56,0
DA:57,0
DA:59,0
DA:62,0
DA:63,0
DA:64,0
DA:65,0
DA:68,0
DA:69,0
DA:70,0
DA:71,0
LF:34
LH:1
BRDA:15,0,0,0
BRDA:15,0,1,0
BRDA:50,1,0,0
BRDA:50,1,1,0
BRDA:51,2,0,0
BRDA:51,2,1,0
BRF:6
BRH:0
end_of_record
TN:
SF:services\Queue.ts
FN:6,(anonymous_0)
FN:10,(anonymous_1)
FN:14,(anonymous_2)
FN:22,(anonymous_3)
FN:30,(anonymous_4)
FN:34,(anonymous_5)
FNF:6
FNH:0
FNDA:0,(anonymous_0)
FNDA:0,(anonymous_1)
FNDA:0,(anonymous_2)
FNDA:0,(anonymous_3)
FNDA:0,(anonymous_4)
FNDA:0,(anonymous_5)
DA:3,1
DA:7,0
DA:11,0
DA:15,0
DA:16,0
DA:17,0
DA:19,0
DA:23,0
DA:24,0
DA:25,0
DA:27,0
DA:31,0
DA:35,0
LF:13
LH:1
BRDA:7,0,0,0
BRDA:7,0,1,0
BRDA:16,1,0,0
BRDA:16,1,1,0
BRDA:24,2,0,0
BRDA:24,2,1,0
BRF:6
BRH:0
end_of_record
TN:
SF:services\Tree.ts
FN:11,(anonymous_0)
FN:20,(anonymous_1)
FN:96,(anonymous_2)
FN:106,(anonymous_3)
FN:116,(anonymous_4)
FN:24,(anonymous_5)
FN:29,(anonymous_6)
FN:40,(anonymous_7)
FN:69,(anonymous_8)
FN:92,(anonymous_9)
FN:126,(anonymous_10)
FN:129,(anonymous_11)
FN:129,(anonymous_12)
FN:130,(anonymous_13)
FN:131,(anonymous_14)
FN:142,(anonymous_15)
FN:145,(anonymous_16)
FN:147,(anonymous_17)
FN:158,(anonymous_18)
FN:179,(anonymous_19)
FN:201,(anonymous_20)
FN:205,(anonymous_21)
FN:209,(anonymous_22)
FN:213,(anonymous_23)
FN:226,(anonymous_24)
FN:239,(anonymous_25)
FN:260,(anonymous_26)
FN:274,(anonymous_27)
FNF:28
FNH:3
FNDA:3,(anonymous_0)
FNDA:2,(anonymous_1)
FNDA:0,(anonymous_2)
FNDA:0,(anonymous_3)
FNDA:0,(anonymous_4)
FNDA:1,(anonymous_5)
FNDA:0,(anonymous_6)
FNDA:0,(anonymous_7)
FNDA:0,(anonymous_8)
FNDA:0,(anonymous_9)
FNDA:0,(anonymous_10)
FNDA:0,(anonymous_11)
FNDA:0,(anonymous_12)
FNDA:0,(anonymous_13)
FNDA:0,(anonymous_14)
FNDA:0,(anonymous_15)
FNDA:0,(anonymous_16)
FNDA:0,(anonymous_17)
FNDA:0,(anonymous_18)
FNDA:0,(anonymous_19)
FNDA:0,(anonymous_20)
FNDA:0,(anonymous_21)
FNDA:0,(anonymous_22)
FNDA:0,(anonymous_23)
FNDA:0,(anonymous_24)
FNDA:0,(anonymous_25)
FNDA:0,(anonymous_26)
FNDA:0,(anonymous_27)
DA:1,1
DA:2,1
DA:4,1
DA:6,1
DA:12,3
DA:13,3
DA:17,1
DA:21,2
DA:25,1
DA:26,1
DA:30,0
DA:31,0
DA:32,0
DA:33,0
DA:34,0
DA:36,0
DA:37,0
DA:41,0
DA:42,0
DA:44,0
DA:45,0
DA:47,0
DA:48,0
DA:51,0
DA:52,0
DA:53,0
DA:56,0
DA:59,0
DA:60,0
DA:61,0
DA:64,0
DA:70,0
DA:72,0
DA:74,0
DA:75,0
DA:77,0
DA:78,0
DA:80,0
DA:81,0
DA:83,0
DA:84,0
DA:86,0
DA:89,0
DA:93,0
DA:96,2
DA:97,0
DA:98,0
DA:101,0
DA:102,0
DA:103,0
DA:106,2
DA:107,0
DA:108,0
DA:111,0
DA:112,0
DA:113,0
DA:116,2
DA:117,0
DA:118,0
DA:121,0
DA:122,0
DA:123,0
DA:127,0
DA:128,0
DA:129,0
DA:130,0
DA:131,0
DA:132,0
DA:133,0
DA:135,0
DA:136,0
DA:138,0
DA:143,0
DA:144,0
DA:145,0
DA:146,0
DA:147,0
DA:148,0
DA:149,0
DA:151,0
DA:152,0
DA:154,0
DA:163,0
DA:164,0
DA:167,0
DA:168,0
DA:171,0
DA:172,0
DA:175,0
DA:176,0
DA:185,0
DA:186,0
DA:189,0
DA:190,0
DA:193,0
DA:194,0
DA:198,1
DA:199,0
DA:202,0
DA:206,0
DA:210,0
DA:214,0
DA:215,0
DA:216,0
DA:217,0
DA:218,0
DA:221,0
DA:227,0
DA:228,0
DA:231,0
DA:232,0
DA:233,0
DA:234,0
DA:236,0
DA:240,0
DA:241,0
DA:243,0
DA:244,0
DA:247,0
DA:248,0
DA:250,0
DA:251,0
DA:254,0
DA:257,0
DA:261,0
DA:262,0
DA:264,0
DA:265,0
DA:268,0
DA:274,1
DA:275,0
DA:276,0
LF:132
LH:15
BRDA:97,0,0,0
BRDA:97,0,1,0
BRDA:107,1,0,0
BRDA:107,1,1,0
BRDA:117,2,0,0
BRDA:117,2,1,0
BRDA:33,3,0,0
BRDA:33,3,1,0
BRDA:33,4,0,0
BRDA:33,4,1,0
BRDA:47,5,0,0
BRDA:47,5,1,0
BRDA:47,6,0,0
BRDA:47,6,1,0
BRDA:51,7,0,0
BRDA:51,7,1,0
BRDA:59,8,0,0
BRDA:59,8,1,0
BRDA:73,9,0,0
BRDA:73,9,1,0
BRDA:73,9,2,0
BRDA:73,9,3,0
BRDA:73,9,4,0
BRDA:127,10,0,0
BRDA:127,10,1,0
BRDA:132,11,0,0
BRDA:132,11,1,0
BRDA:135,12,0,0
BRDA:135,12,1,0
BRDA:136,13,0,0
BRDA:136,13,1,0
BRDA:143,14,0,0
BRDA:143,14,1,0
BRDA:145,15,0,0
BRDA:145,15,1,0
BRDA:148,16,0,0
BRDA:148,16,1,0
BRDA:151,17,0,0
BRDA:151,17,1,0
BRDA:152,18,0,0
BRDA:152,18,1,0
BRDA:163,19,0,0
BRDA:163,19,1,0
BRDA:167,20,0,0
BRDA:167,20,1,0
BRDA:171,21,0,0
BRDA:171,21,1,0
BRDA:183,22,0,0
BRDA:185,23,0,0
BRDA:185,23,1,0
BRDA:189,24,0,0
BRDA:189,24,1,0
BRDA:214,25,0,0
BRDA:214,25,1,0
BRDA:217,26,0,0
BRDA:217,26,1,0
BRDA:227,27,0,0
BRDA:227,27,1,0
BRDA:240,28,0,0
BRDA:240,28,1,0
BRDA:243,29,0,0
BRDA:243,29,1,0
BRDA:247,30,0,0
BRDA:247,30,1,0
BRDA:250,31,0,0
BRDA:250,31,1,0
BRDA:261,32,0,0
BRDA:261,32,1,0
BRDA:264,33,0,0
BRDA:264,33,1,0
BRDA:269,34,0,0
BRDA:269,34,1,0
BRF:72
BRH:0
end_of_record
TN:
SF:services\index.ts
FNF:0
FNH:0
DA:1,1
DA:2,1
DA:3,1
LF:3
LH:3
BRF:0
BRH:0
end_of_record
