TN:
SF:enums\index.ts
FN:1,(anonymous_0)
FNF:1
FNH:1
FNDA:1,(anonymous_0)
DA:1,1
DA:2,1
DA:3,1
DA:4,1
DA:5,1
LF:5
LH:5
BRDA:1,0,0,1
BRDA:1,0,1,1
BRF:2
BRH:2
end_of_record
TN:
SF:helpers\assert.ts
FN:1,(anonymous_0)
FNF:1
FNH:0
FNDA:0,(anonymous_0)
DA:1,1
DA:2,0
LF:2
LH:1
BRF:0
BRH:0
end_of_record
TN:
SF:helpers\index.ts
FNF:0
FNH:0
DA:1,1
LF:1
LH:1
BRF:0
BRH:0
end_of_record
TN:
SF:models\Queue.ts
FN:6,(anonymous_0)
FN:10,(anonymous_1)
FN:14,(anonymous_2)
FN:22,(anonymous_3)
FN:30,(anonymous_4)
FN:34,(anonymous_5)
FNF:6
FNH:5
FNDA:6,(anonymous_0)
FNDA:21,(anonymous_1)
FNDA:12,(anonymous_2)
FNDA:0,(anonymous_3)
FNDA:12,(anonymous_4)
FNDA:12,(anonymous_5)
DA:3,1
DA:7,6
DA:11,21
DA:15,12
DA:16,12
DA:17,12
DA:19,12
DA:23,0
DA:24,0
DA:25,0
DA:27,0
DA:31,12
DA:35,12
LF:13
LH:9
BRDA:7,0,0,0
BRDA:7,0,1,6
BRDA:7,1,0,6
BRDA:7,1,1,6
BRDA:16,2,0,12
BRDA:16,2,1,0
BRDA:24,3,0,0
BRDA:24,3,1,0
BRF:8
BRH:4
end_of_record
TN:
SF:models\Tree.ts
FN:11,(anonymous_0)
FN:20,(anonymous_1)
FN:99,(anonymous_2)
FN:109,(anonymous_3)
FN:119,(anonymous_4)
FN:24,(anonymous_5)
FN:29,(anonymous_6)
FN:40,(anonymous_7)
FN:72,(anonymous_8)
FN:95,(anonymous_9)
FN:129,(anonymous_10)
FN:132,(anonymous_11)
FN:132,(anonymous_12)
FN:133,(anonymous_13)
FN:134,(anonymous_14)
FN:145,(anonymous_15)
FN:148,(anonymous_16)
FN:150,(anonymous_17)
FN:161,(anonymous_18)
FN:182,(anonymous_19)
FN:204,(anonymous_20)
FN:208,(anonymous_21)
FN:212,(anonymous_22)
FN:217,(anonymous_23)
FN:230,(anonymous_24)
FN:243,(anonymous_25)
FN:264,(anonymous_26)
FN:278,(anonymous_27)
FNF:28
FNH:4
FNDA:11,(anonymous_0)
FNDA:4,(anonymous_1)
FNDA:0,(anonymous_2)
FNDA:0,(anonymous_3)
FNDA:0,(anonymous_4)
FNDA:1,(anonymous_5)
FNDA:0,(anonymous_6)
FNDA:6,(anonymous_7)
FNDA:0,(anonymous_8)
FNDA:0,(anonymous_9)
FNDA:0,(anonymous_10)
FNDA:0,(anonymous_11)
FNDA:0,(anonymous_12)
FNDA:0,(anonymous_13)
FNDA:0,(anonymous_14)
FNDA:0,(anonymous_15)
FNDA:0,(anonymous_16)
FNDA:0,(anonymous_17)
FNDA:0,(anonymous_18)
FNDA:0,(anonymous_19)
FNDA:0,(anonymous_20)
FNDA:0,(anonymous_21)
FNDA:0,(anonymous_22)
FNDA:0,(anonymous_23)
FNDA:0,(anonymous_24)
FNDA:0,(anonymous_25)
FNDA:0,(anonymous_26)
FNDA:0,(anonymous_27)
DA:1,1
DA:2,1
DA:4,1
DA:6,1
DA:12,11
DA:13,11
DA:17,1
DA:21,4
DA:25,1
DA:26,1
DA:30,0
DA:31,0
DA:32,0
DA:33,0
DA:34,0
DA:36,0
DA:37,0
DA:41,6
DA:42,6
DA:44,6
DA:45,12
DA:47,12
DA:48,0
DA:49,0
DA:52,12
DA:53,3
DA:54,3
DA:57,9
DA:60,9
DA:61,3
DA:62,3
DA:65,6
DA:69,6
DA:73,0
DA:75,0
DA:77,0
DA:78,0
DA:80,0
DA:81,0
DA:83,0
DA:84,0
DA:86,0
DA:87,0
DA:89,0
DA:92,0
DA:96,0
DA:99,4
DA:100,0
DA:101,0
DA:104,0
DA:105,0
DA:106,0
DA:109,4
DA:110,0
DA:111,0
DA:114,0
DA:115,0
DA:116,0
DA:119,4
DA:120,0
DA:121,0
DA:124,0
DA:125,0
DA:126,0
DA:130,0
DA:131,0
DA:132,0
DA:133,0
DA:134,0
DA:135,0
DA:136,0
DA:138,0
DA:139,0
DA:141,0
DA:146,0
DA:147,0
DA:148,0
DA:149,0
DA:150,0
DA:151,0
DA:152,0
DA:154,0
DA:155,0
DA:157,0
DA:166,0
DA:167,0
DA:170,0
DA:171,0
DA:174,0
DA:175,0
DA:178,0
DA:179,0
DA:188,0
DA:189,0
DA:192,0
DA:193,0
DA:196,0
DA:197,0
DA:201,1
DA:202,0
DA:205,0
DA:209,0
DA:213,0
DA:214,0
DA:218,0
DA:219,0
DA:220,0
DA:221,0
DA:222,0
DA:225,0
DA:231,0
DA:232,0
DA:235,0
DA:236,0
DA:237,0
DA:238,0
DA:240,0
DA:244,0
DA:245,0
DA:247,0
DA:248,0
DA:251,0
DA:252,0
DA:254,0
DA:255,0
DA:258,0
DA:261,0
DA:265,0
DA:266,0
DA:268,0
DA:269,0
DA:272,0
DA:278,1
DA:279,0
DA:280,0
LF:135
LH:29
BRDA:100,0,0,0
BRDA:100,0,1,0
BRDA:110,1,0,0
BRDA:110,1,1,0
BRDA:120,2,0,0
BRDA:120,2,1,0
BRDA:33,3,0,0
BRDA:33,3,1,0
BRDA:33,4,0,0
BRDA:33,4,1,0
BRDA:47,5,0,0
BRDA:47,5,1,12
BRDA:47,6,0,12
BRDA:47,6,1,12
BRDA:48,7,0,0
BRDA:48,7,1,0
BRDA:48,8,0,0
BRDA:48,8,1,0
BRDA:48,9,0,0
BRDA:48,9,1,0
BRDA:52,10,0,3
BRDA:52,10,1,9
BRDA:60,11,0,3
BRDA:60,11,1,6
BRDA:76,12,0,0
BRDA:76,12,1,0
BRDA:76,12,2,0
BRDA:76,12,3,0
BRDA:76,12,4,0
BRDA:130,13,0,0
BRDA:130,13,1,0
BRDA:132,14,0,0
BRDA:132,14,1,0
BRDA:132,15,0,0
BRDA:132,15,1,0
BRDA:135,16,0,0
BRDA:135,16,1,0
BRDA:138,17,0,0
BRDA:138,17,1,0
BRDA:139,18,0,0
BRDA:139,18,1,0
BRDA:146,19,0,0
BRDA:146,19,1,0
BRDA:148,20,0,0
BRDA:148,20,1,0
BRDA:148,21,0,0
BRDA:148,21,1,0
BRDA:148,22,0,0
BRDA:148,22,1,0
BRDA:148,23,0,0
BRDA:148,23,1,0
BRDA:151,24,0,0
BRDA:151,24,1,0
BRDA:154,25,0,0
BRDA:154,25,1,0
BRDA:155,26,0,0
BRDA:155,26,1,0
BRDA:166,27,0,0
BRDA:166,27,1,0
BRDA:170,28,0,0
BRDA:170,28,1,0
BRDA:174,29,0,0
BRDA:174,29,1,0
BRDA:186,30,0,0
BRDA:188,31,0,0
BRDA:188,31,1,0
BRDA:192,32,0,0
BRDA:192,32,1,0
BRDA:218,33,0,0
BRDA:218,33,1,0
BRDA:221,34,0,0
BRDA:221,34,1,0
BRDA:231,35,0,0
BRDA:231,35,1,0
BRDA:244,36,0,0
BRDA:244,36,1,0
BRDA:247,37,0,0
BRDA:247,37,1,0
BRDA:251,38,0,0
BRDA:251,38,1,0
BRDA:254,39,0,0
BRDA:254,39,1,0
BRDA:265,40,0,0
BRDA:265,40,1,0
BRDA:268,41,0,0
BRDA:268,41,1,0
BRDA:273,42,0,0
BRDA:273,42,1,0
BRF:88
BRH:7
end_of_record
TN:
SF:models\index.ts
FNF:0
FNH:0
DA:1,1
DA:2,1
LF:2
LH:2
BRF:0
BRH:0
end_of_record
TN:
SF:services\TestService.ts
FN:1,(anonymous_0)
FN:22,(anonymous_1)
FNF:2
FNH:0
FNDA:0,(anonymous_0)
FNDA:0,(anonymous_1)
DA:1,1
DA:2,0
DA:3,0
DA:5,0
DA:6,0
DA:7,0
DA:10,0
DA:11,0
DA:12,0
DA:13,0
DA:14,0
DA:20,0
DA:22,0
LF:13
LH:1
BRDA:5,0,0,0
BRDA:5,0,1,0
BRDA:11,1,0,0
BRDA:11,1,1,0
BRDA:13,2,0,0
BRDA:13,2,1,0
BRDA:22,3,0,0
BRDA:22,3,1,0
BRF:8
BRH:0
end_of_record
